{"C:\\Users\\Erick\\Desktop\\Fundacion Rompiendo Paradigmas\\crm-becas\\backend\\src\\app.js": {"path":"C:\\Users\\Erick\\Desktop\\Fundacion Rompiendo Paradigmas\\crm-becas\\backend\\src\\app.js","statementMap":{"0":{"start":{"line":1,"column":16},"end":{"line":1,"column":34}},"1":{"start":{"line":2,"column":13},"end":{"line":2,"column":28}},"2":{"start":{"line":3,"column":15},"end":{"line":3,"column":32}},"3":{"start":{"line":4,"column":15},"end":{"line":4,"column":32}},"4":{"start":{"line":5,"column":20},"end":{"line":5,"column":42}},"5":{"start":{"line":6,"column":13},"end":{"line":6,"column":28}},"6":{"start":{"line":7,"column":21},"end":{"line":7,"column":58}},"7":{"start":{"line":10,"column":19},"end":{"line":10,"column":49}},"8":{"start":{"line":11,"column":19},"end":{"line":11,"column":49}},"9":{"start":{"line":12,"column":20},"end":{"line":12,"column":51}},"10":{"start":{"line":15,"column":26},"end":{"line":15,"column":63}},"11":{"start":{"line":16,"column":22},"end":{"line":16,"column":55}},"12":{"start":{"line":17,"column":20},"end":{"line":17,"column":51}},"13":{"start":{"line":18,"column":22},"end":{"line":18,"column":55}},"14":{"start":{"line":19,"column":24},"end":{"line":19,"column":59}},"15":{"start":{"line":22,"column":22},"end":{"line":22,"column":55}},"16":{"start":{"line":23,"column":26},"end":{"line":23,"column":63}},"17":{"start":{"line":24,"column":21},"end":{"line":24,"column":53}},"18":{"start":{"line":27,"column":19},"end":{"line":27,"column":49}},"19":{"start":{"line":28,"column":26},"end":{"line":28,"column":63}},"20":{"start":{"line":29,"column":32},"end":{"line":29,"column":75}},"21":{"start":{"line":31,"column":12},"end":{"line":31,"column":21}},"22":{"start":{"line":33,"column":0},"end":{"line":33,"column":18}},"23":{"start":{"line":34,"column":0},"end":{"line":34,"column":16}},"24":{"start":{"line":35,"column":0},"end":{"line":35,"column":24}},"25":{"start":{"line":36,"column":0},"end":{"line":36,"column":48}},"26":{"start":{"line":37,"column":0},"end":{"line":37,"column":23}},"27":{"start":{"line":39,"column":0},"end":{"line":41,"column":1}},"28":{"start":{"line":40,"column":2},"end":{"line":40,"column":25}},"29":{"start":{"line":44,"column":0},"end":{"line":44,"column":72}},"30":{"start":{"line":47,"column":0},"end":{"line":49,"column":3}},"31":{"start":{"line":48,"column":2},"end":{"line":48,"column":64}},"32":{"start":{"line":52,"column":0},"end":{"line":52,"column":29}},"33":{"start":{"line":53,"column":0},"end":{"line":53,"column":30}},"34":{"start":{"line":54,"column":0},"end":{"line":54,"column":35}},"35":{"start":{"line":55,"column":0},"end":{"line":55,"column":31}},"36":{"start":{"line":58,"column":0},"end":{"line":58,"column":45}},"37":{"start":{"line":59,"column":0},"end":{"line":59,"column":36}},"38":{"start":{"line":60,"column":0},"end":{"line":60,"column":32}},"39":{"start":{"line":61,"column":0},"end":{"line":61,"column":36}},"40":{"start":{"line":62,"column":0},"end":{"line":62,"column":40}},"41":{"start":{"line":63,"column":0},"end":{"line":63,"column":36}},"42":{"start":{"line":66,"column":0},"end":{"line":66,"column":36}},"43":{"start":{"line":67,"column":0},"end":{"line":67,"column":45}},"44":{"start":{"line":68,"column":0},"end":{"line":68,"column":34}},"45":{"start":{"line":71,"column":0},"end":{"line":71,"column":30}},"46":{"start":{"line":72,"column":0},"end":{"line":72,"column":43}},"47":{"start":{"line":73,"column":0},"end":{"line":73,"column":57}},"48":{"start":{"line":76,"column":0},"end":{"line":76,"column":22}},"49":{"start":{"line":78,"column":0},"end":{"line":78,"column":21}}},"fnMap":{"0":{"name":"(anonymous_0)","decl":{"start":{"line":47,"column":19},"end":{"line":47,"column":20}},"loc":{"start":{"line":47,"column":33},"end":{"line":49,"column":1}},"line":47}},"branchMap":{"0":{"loc":{"start":{"line":39,"column":0},"end":{"line":41,"column":1}},"type":"if","locations":[{"start":{"line":39,"column":0},"end":{"line":41,"column":1}},{"start":{},"end":{}}],"line":39}},"s":{"0":10,"1":10,"2":10,"3":10,"4":10,"5":10,"6":10,"7":10,"8":10,"9":10,"10":10,"11":10,"12":10,"13":10,"14":10,"15":10,"16":10,"17":10,"18":10,"19":10,"20":10,"21":10,"22":10,"23":10,"24":10,"25":10,"26":10,"27":10,"28":0,"29":10,"30":10,"31":0,"32":10,"33":10,"34":10,"35":10,"36":10,"37":10,"38":10,"39":10,"40":10,"41":10,"42":10,"43":10,"44":10,"45":10,"46":10,"47":10,"48":10,"49":10},"f":{"0":0},"b":{"0":[0,10]},"_coverageSchema":"1a1c01bbd47fc00a2c39e90264f33305004495a9","hash":"3f316ab57a28d609d31ed6ce65e5df72d68bf43b"}
,"C:\\Users\\Erick\\Desktop\\Fundacion Rompiendo Paradigmas\\crm-becas\\backend\\src\\controllers\\aporteController.js": {"path":"C:\\Users\\Erick\\Desktop\\Fundacion Rompiendo Paradigmas\\crm-becas\\backend\\src\\controllers\\aporteController.js","statementMap":{"0":{"start":{"line":1,"column":57},"end":{"line":1,"column":77}},"1":{"start":{"line":2,"column":15},"end":{"line":2,"column":35}},"2":{"start":{"line":3,"column":21},"end":{"line":3,"column":56}},"3":{"start":{"line":10,"column":4},"end":{"line":52,"column":5}},"4":{"start":{"line":11,"column":19},"end":{"line":11,"column":54}},"5":{"start":{"line":12,"column":20},"end":{"line":12,"column":57}},"6":{"start":{"line":13,"column":21},"end":{"line":13,"column":39}},"7":{"start":{"line":15,"column":70},"end":{"line":15,"column":79}},"8":{"start":{"line":17,"column":20},"end":{"line":17,"column":22}},"9":{"start":{"line":18,"column":6},"end":{"line":18,"column":52}},"10":{"start":{"line":18,"column":22},"end":{"line":18,"column":52}},"11":{"start":{"line":19,"column":6},"end":{"line":19,"column":64}},"12":{"start":{"line":19,"column":26},"end":{"line":19,"column":64}},"13":{"start":{"line":21,"column":6},"end":{"line":25,"column":7}},"14":{"start":{"line":22,"column":8},"end":{"line":22,"column":35}},"15":{"start":{"line":23,"column":8},"end":{"line":23,"column":71}},"16":{"start":{"line":23,"column":26},"end":{"line":23,"column":71}},"17":{"start":{"line":24,"column":8},"end":{"line":24,"column":65}},"18":{"start":{"line":24,"column":23},"end":{"line":24,"column":65}},"19":{"start":{"line":27,"column":30},"end":{"line":36,"column":8}},"20":{"start":{"line":38,"column":6},"end":{"line":49,"column":9}},"21":{"start":{"line":51,"column":6},"end":{"line":51,"column":18}},"22":{"start":{"line":56,"column":4},"end":{"line":91,"column":5}},"23":{"start":{"line":57,"column":21},"end":{"line":57,"column":31}},"24":{"start":{"line":58,"column":44},"end":{"line":58,"column":52}},"25":{"start":{"line":60,"column":21},"end":{"line":60,"column":46}},"26":{"start":{"line":61,"column":6},"end":{"line":66,"column":7}},"27":{"start":{"line":62,"column":8},"end":{"line":65,"column":11}},"28":{"start":{"line":68,"column":27},"end":{"line":68,"column":42}},"29":{"start":{"line":70,"column":6},"end":{"line":70,"column":67}},"30":{"start":{"line":70,"column":36},"end":{"line":70,"column":67}},"31":{"start":{"line":71,"column":6},"end":{"line":71,"column":76}},"32":{"start":{"line":71,"column":39},"end":{"line":71,"column":76}},"33":{"start":{"line":73,"column":6},"end":{"line":73,"column":26}},"34":{"start":{"line":75,"column":6},"end":{"line":82,"column":9}},"35":{"start":{"line":84,"column":6},"end":{"line":88,"column":9}},"36":{"start":{"line":90,"column":6},"end":{"line":90,"column":18}},"37":{"start":{"line":95,"column":4},"end":{"line":124,"column":5}},"38":{"start":{"line":96,"column":21},"end":{"line":96,"column":31}},"39":{"start":{"line":98,"column":21},"end":{"line":98,"column":46}},"40":{"start":{"line":99,"column":6},"end":{"line":104,"column":7}},"41":{"start":{"line":100,"column":8},"end":{"line":103,"column":11}},"42":{"start":{"line":106,"column":27},"end":{"line":106,"column":42}},"43":{"start":{"line":108,"column":6},"end":{"line":108,"column":29}},"44":{"start":{"line":110,"column":6},"end":{"line":116,"column":9}},"45":{"start":{"line":118,"column":6},"end":{"line":121,"column":9}},"46":{"start":{"line":123,"column":6},"end":{"line":123,"column":18}},"47":{"start":{"line":128,"column":0},"end":{"line":128,"column":34}}},"fnMap":{"0":{"name":"(anonymous_0)","decl":{"start":{"line":9,"column":2},"end":{"line":9,"column":3}},"loc":{"start":{"line":9,"column":36},"end":{"line":53,"column":3}},"line":9},"1":{"name":"(anonymous_1)","decl":{"start":{"line":55,"column":2},"end":{"line":55,"column":3}},"loc":{"start":{"line":55,"column":38},"end":{"line":92,"column":3}},"line":55},"2":{"name":"(anonymous_2)","decl":{"start":{"line":94,"column":2},"end":{"line":94,"column":3}},"loc":{"start":{"line":94,"column":38},"end":{"line":125,"column":3}},"line":94}},"branchMap":{"0":{"loc":{"start":{"line":11,"column":28},"end":{"line":11,"column":49}},"type":"binary-expr","locations":[{"start":{"line":11,"column":28},"end":{"line":11,"column":42}},{"start":{"line":11,"column":46},"end":{"line":11,"column":49}}],"line":11},"1":{"loc":{"start":{"line":12,"column":29},"end":{"line":12,"column":52}},"type":"binary-expr","locations":[{"start":{"line":12,"column":29},"end":{"line":12,"column":44}},{"start":{"line":12,"column":48},"end":{"line":12,"column":52}}],"line":12},"2":{"loc":{"start":{"line":18,"column":6},"end":{"line":18,"column":52}},"type":"if","locations":[{"start":{"line":18,"column":6},"end":{"line":18,"column":52}},{"start":{},"end":{}}],"line":18},"3":{"loc":{"start":{"line":19,"column":6},"end":{"line":19,"column":64}},"type":"if","locations":[{"start":{"line":19,"column":6},"end":{"line":19,"column":64}},{"start":{},"end":{}}],"line":19},"4":{"loc":{"start":{"line":21,"column":6},"end":{"line":25,"column":7}},"type":"if","locations":[{"start":{"line":21,"column":6},"end":{"line":25,"column":7}},{"start":{},"end":{}}],"line":21},"5":{"loc":{"start":{"line":21,"column":10},"end":{"line":21,"column":35}},"type":"binary-expr","locations":[{"start":{"line":21,"column":10},"end":{"line":21,"column":22}},{"start":{"line":21,"column":26},"end":{"line":21,"column":35}}],"line":21},"6":{"loc":{"start":{"line":23,"column":8},"end":{"line":23,"column":71}},"type":"if","locations":[{"start":{"line":23,"column":8},"end":{"line":23,"column":71}},{"start":{},"end":{}}],"line":23},"7":{"loc":{"start":{"line":24,"column":8},"end":{"line":24,"column":65}},"type":"if","locations":[{"start":{"line":24,"column":8},"end":{"line":24,"column":65}},{"start":{},"end":{}}],"line":24},"8":{"loc":{"start":{"line":61,"column":6},"end":{"line":66,"column":7}},"type":"if","locations":[{"start":{"line":61,"column":6},"end":{"line":66,"column":7}},{"start":{},"end":{}}],"line":61},"9":{"loc":{"start":{"line":70,"column":6},"end":{"line":70,"column":67}},"type":"if","locations":[{"start":{"line":70,"column":6},"end":{"line":70,"column":67}},{"start":{},"end":{}}],"line":70},"10":{"loc":{"start":{"line":71,"column":6},"end":{"line":71,"column":76}},"type":"if","locations":[{"start":{"line":71,"column":6},"end":{"line":71,"column":76}},{"start":{},"end":{}}],"line":71},"11":{"loc":{"start":{"line":76,"column":19},"end":{"line":76,"column":48}},"type":"cond-expr","locations":[{"start":{"line":76,"column":30},"end":{"line":76,"column":41}},{"start":{"line":76,"column":44},"end":{"line":76,"column":48}}],"line":76},"12":{"loc":{"start":{"line":99,"column":6},"end":{"line":104,"column":7}},"type":"if","locations":[{"start":{"line":99,"column":6},"end":{"line":104,"column":7}},{"start":{},"end":{}}],"line":99},"13":{"loc":{"start":{"line":111,"column":19},"end":{"line":111,"column":48}},"type":"cond-expr","locations":[{"start":{"line":111,"column":30},"end":{"line":111,"column":41}},{"start":{"line":111,"column":44},"end":{"line":111,"column":48}}],"line":111}},"s":{"0":10,"1":10,"2":10,"3":0,"4":0,"5":0,"6":0,"7":0,"8":0,"9":0,"10":0,"11":0,"12":0,"13":0,"14":0,"15":0,"16":0,"17":0,"18":0,"19":0,"20":0,"21":0,"22":0,"23":0,"24":0,"25":0,"26":0,"27":0,"28":0,"29":0,"30":0,"31":0,"32":0,"33":0,"34":0,"35":0,"36":0,"37":0,"38":0,"39":0,"40":0,"41":0,"42":0,"43":0,"44":0,"45":0,"46":0,"47":10},"f":{"0":0,"1":0,"2":0},"b":{"0":[0,0],"1":[0,0],"2":[0,0],"3":[0,0],"4":[0,0],"5":[0,0],"6":[0,0],"7":[0,0],"8":[0,0],"9":[0,0],"10":[0,0],"11":[0,0],"12":[0,0],"13":[0,0]},"_coverageSchema":"1a1c01bbd47fc00a2c39e90264f33305004495a9","hash":"c242625ade7006d5a823d35c25fc5bf26a6f7efe"}
,"C:\\Users\\Erick\\Desktop\\Fundacion Rompiendo Paradigmas\\crm-becas\\backend\\src\\controllers\\auditController.js": {"path":"C:\\Users\\Erick\\Desktop\\Fundacion Rompiendo Paradigmas\\crm-becas\\backend\\src\\controllers\\auditController.js","statementMap":{"0":{"start":{"line":1,"column":40},"end":{"line":1,"column":60}},"1":{"start":{"line":2,"column":15},"end":{"line":2,"column":35}},"2":{"start":{"line":13,"column":4},"end":{"line":73,"column":5}},"3":{"start":{"line":14,"column":19},"end":{"line":14,"column":54}},"4":{"start":{"line":15,"column":20},"end":{"line":15,"column":57}},"5":{"start":{"line":16,"column":21},"end":{"line":16,"column":39}},"6":{"start":{"line":18,"column":71},"end":{"line":18,"column":80}},"7":{"start":{"line":20,"column":20},"end":{"line":20,"column":22}},"8":{"start":{"line":22,"column":6},"end":{"line":24,"column":7}},"9":{"start":{"line":23,"column":8},"end":{"line":23,"column":38}},"10":{"start":{"line":26,"column":6},"end":{"line":28,"column":7}},"11":{"start":{"line":27,"column":8},"end":{"line":27,"column":30}},"12":{"start":{"line":30,"column":6},"end":{"line":32,"column":7}},"13":{"start":{"line":31,"column":8},"end":{"line":31,"column":32}},"14":{"start":{"line":34,"column":6},"end":{"line":42,"column":7}},"15":{"start":{"line":35,"column":8},"end":{"line":35,"column":30}},"16":{"start":{"line":36,"column":8},"end":{"line":38,"column":9}},"17":{"start":{"line":37,"column":10},"end":{"line":37,"column":60}},"18":{"start":{"line":39,"column":8},"end":{"line":41,"column":9}},"19":{"start":{"line":40,"column":10},"end":{"line":40,"column":57}},"20":{"start":{"line":44,"column":30},"end":{"line":57,"column":8}},"21":{"start":{"line":59,"column":6},"end":{"line":70,"column":9}},"22":{"start":{"line":72,"column":6},"end":{"line":72,"column":18}},"23":{"start":{"line":77,"column":0},"end":{"line":77,"column":33}}},"fnMap":{"0":{"name":"(anonymous_0)","decl":{"start":{"line":12,"column":2},"end":{"line":12,"column":3}},"loc":{"start":{"line":12,"column":36},"end":{"line":74,"column":3}},"line":12}},"branchMap":{"0":{"loc":{"start":{"line":14,"column":28},"end":{"line":14,"column":49}},"type":"binary-expr","locations":[{"start":{"line":14,"column":28},"end":{"line":14,"column":42}},{"start":{"line":14,"column":46},"end":{"line":14,"column":49}}],"line":14},"1":{"loc":{"start":{"line":15,"column":29},"end":{"line":15,"column":52}},"type":"binary-expr","locations":[{"start":{"line":15,"column":29},"end":{"line":15,"column":44}},{"start":{"line":15,"column":48},"end":{"line":15,"column":52}}],"line":15},"2":{"loc":{"start":{"line":22,"column":6},"end":{"line":24,"column":7}},"type":"if","locations":[{"start":{"line":22,"column":6},"end":{"line":24,"column":7}},{"start":{},"end":{}}],"line":22},"3":{"loc":{"start":{"line":26,"column":6},"end":{"line":28,"column":7}},"type":"if","locations":[{"start":{"line":26,"column":6},"end":{"line":28,"column":7}},{"start":{},"end":{}}],"line":26},"4":{"loc":{"start":{"line":30,"column":6},"end":{"line":32,"column":7}},"type":"if","locations":[{"start":{"line":30,"column":6},"end":{"line":32,"column":7}},{"start":{},"end":{}}],"line":30},"5":{"loc":{"start":{"line":34,"column":6},"end":{"line":42,"column":7}},"type":"if","locations":[{"start":{"line":34,"column":6},"end":{"line":42,"column":7}},{"start":{},"end":{}}],"line":34},"6":{"loc":{"start":{"line":34,"column":10},"end":{"line":34,"column":35}},"type":"binary-expr","locations":[{"start":{"line":34,"column":10},"end":{"line":34,"column":22}},{"start":{"line":34,"column":26},"end":{"line":34,"column":35}}],"line":34},"7":{"loc":{"start":{"line":36,"column":8},"end":{"line":38,"column":9}},"type":"if","locations":[{"start":{"line":36,"column":8},"end":{"line":38,"column":9}},{"start":{},"end":{}}],"line":36},"8":{"loc":{"start":{"line":39,"column":8},"end":{"line":41,"column":9}},"type":"if","locations":[{"start":{"line":39,"column":8},"end":{"line":41,"column":9}},{"start":{},"end":{}}],"line":39}},"s":{"0":10,"1":10,"2":1,"3":1,"4":1,"5":1,"6":1,"7":1,"8":1,"9":0,"10":1,"11":0,"12":1,"13":0,"14":1,"15":0,"16":0,"17":0,"18":0,"19":0,"20":1,"21":1,"22":0,"23":10},"f":{"0":1},"b":{"0":[1,1],"1":[1,1],"2":[0,1],"3":[0,1],"4":[0,1],"5":[0,1],"6":[1,1],"7":[0,0],"8":[0,0]},"_coverageSchema":"1a1c01bbd47fc00a2c39e90264f33305004495a9","hash":"b528e88c59558cf494d22a128bf10e084b280f31"}
,"C:\\Users\\Erick\\Desktop\\Fundacion Rompiendo Paradigmas\\crm-becas\\backend\\src\\controllers\\authController.js": {"path":"C:\\Users\\Erick\\Desktop\\Fundacion Rompiendo Paradigmas\\crm-becas\\backend\\src\\controllers\\authController.js","statementMap":{"0":{"start":{"line":1,"column":12},"end":{"line":1,"column":35}},"1":{"start":{"line":2,"column":15},"end":{"line":2,"column":34}},"2":{"start":{"line":3,"column":40},"end":{"line":3,"column":60}},"3":{"start":{"line":4,"column":21},"end":{"line":4,"column":56}},"4":{"start":{"line":15,"column":24},"end":{"line":15,"column":53}},"5":{"start":{"line":16,"column":4},"end":{"line":92,"column":5}},"6":{"start":{"line":20,"column":10},"end":{"line":20,"column":18}},"7":{"start":{"line":23,"column":30},"end":{"line":25,"column":8}},"8":{"start":{"line":27,"column":6},"end":{"line":36,"column":7}},"9":{"start":{"line":28,"column":8},"end":{"line":28,"column":37}},"10":{"start":{"line":29,"column":8},"end":{"line":35,"column":11}},"11":{"start":{"line":38,"column":30},"end":{"line":38,"column":76}},"12":{"start":{"line":39,"column":6},"end":{"line":48,"column":7}},"13":{"start":{"line":40,"column":8},"end":{"line":40,"column":37}},"14":{"start":{"line":41,"column":8},"end":{"line":47,"column":11}},"15":{"start":{"line":50,"column":22},"end":{"line":58,"column":25}},"16":{"start":{"line":60,"column":22},"end":{"line":66,"column":25}},"17":{"start":{"line":68,"column":6},"end":{"line":68,"column":33}},"18":{"start":{"line":71,"column":6},"end":{"line":77,"column":9}},"19":{"start":{"line":79,"column":30},"end":{"line":82,"column":8}},"20":{"start":{"line":84,"column":6},"end":{"line":88,"column":9}},"21":{"start":{"line":90,"column":6},"end":{"line":90,"column":35}},"22":{"start":{"line":91,"column":6},"end":{"line":91,"column":18}},"23":{"start":{"line":100,"column":4},"end":{"line":172,"column":5}},"24":{"start":{"line":101,"column":37},"end":{"line":101,"column":45}},"25":{"start":{"line":103,"column":22},"end":{"line":106,"column":8}},"26":{"start":{"line":108,"column":6},"end":{"line":117,"column":7}},"27":{"start":{"line":109,"column":8},"end":{"line":109,"column":88}},"28":{"start":{"line":110,"column":8},"end":{"line":116,"column":11}},"29":{"start":{"line":119,"column":6},"end":{"line":128,"column":7}},"30":{"start":{"line":120,"column":8},"end":{"line":120,"column":94}},"31":{"start":{"line":121,"column":8},"end":{"line":127,"column":11}},"32":{"start":{"line":130,"column":30},"end":{"line":130,"column":69}},"33":{"start":{"line":131,"column":6},"end":{"line":140,"column":7}},"34":{"start":{"line":132,"column":8},"end":{"line":132,"column":94}},"35":{"start":{"line":133,"column":8},"end":{"line":139,"column":11}},"36":{"start":{"line":143,"column":6},"end":{"line":143,"column":41}},"37":{"start":{"line":144,"column":6},"end":{"line":144,"column":27}},"38":{"start":{"line":147,"column":21},"end":{"line":147,"column":95}},"39":{"start":{"line":148,"column":24},"end":{"line":148,"column":59}},"40":{"start":{"line":150,"column":20},"end":{"line":154,"column":7}},"41":{"start":{"line":156,"column":6},"end":{"line":156,"column":91}},"42":{"start":{"line":158,"column":27},"end":{"line":158,"column":43}},"43":{"start":{"line":159,"column":6},"end":{"line":159,"column":40}},"44":{"start":{"line":161,"column":6},"end":{"line":169,"column":9}},"45":{"start":{"line":171,"column":6},"end":{"line":171,"column":18}},"46":{"start":{"line":180,"column":4},"end":{"line":190,"column":5}},"47":{"start":{"line":181,"column":27},"end":{"line":181,"column":44}},"48":{"start":{"line":182,"column":6},"end":{"line":182,"column":40}},"49":{"start":{"line":184,"column":6},"end":{"line":187,"column":9}},"50":{"start":{"line":189,"column":6},"end":{"line":189,"column":18}},"51":{"start":{"line":198,"column":24},"end":{"line":198,"column":53}},"52":{"start":{"line":199,"column":4},"end":{"line":259,"column":5}},"53":{"start":{"line":200,"column":22},"end":{"line":200,"column":30}},"54":{"start":{"line":201,"column":22},"end":{"line":201,"column":37}},"55":{"start":{"line":202,"column":91},"end":{"line":202,"column":99}},"56":{"start":{"line":204,"column":27},"end":{"line":207,"column":7}},"57":{"start":{"line":210,"column":6},"end":{"line":210,"column":56}},"58":{"start":{"line":210,"column":32},"end":{"line":210,"column":56}},"59":{"start":{"line":211,"column":6},"end":{"line":211,"column":62}},"60":{"start":{"line":211,"column":34},"end":{"line":211,"column":62}},"61":{"start":{"line":212,"column":6},"end":{"line":212,"column":62}},"62":{"start":{"line":212,"column":34},"end":{"line":212,"column":62}},"63":{"start":{"line":213,"column":6},"end":{"line":213,"column":53}},"64":{"start":{"line":213,"column":31},"end":{"line":213,"column":53}},"65":{"start":{"line":214,"column":6},"end":{"line":214,"column":65}},"66":{"start":{"line":214,"column":35},"end":{"line":214,"column":65}},"67":{"start":{"line":216,"column":6},"end":{"line":216,"column":42}},"68":{"start":{"line":219,"column":6},"end":{"line":233,"column":7}},"69":{"start":{"line":220,"column":24},"end":{"line":220,"column":71}},"70":{"start":{"line":221,"column":8},"end":{"line":230,"column":9}},"71":{"start":{"line":222,"column":10},"end":{"line":222,"column":39}},"72":{"start":{"line":223,"column":10},"end":{"line":229,"column":13}},"73":{"start":{"line":231,"column":8},"end":{"line":231,"column":41}},"74":{"start":{"line":232,"column":8},"end":{"line":232,"column":44}},"75":{"start":{"line":235,"column":6},"end":{"line":235,"column":33}},"76":{"start":{"line":237,"column":26},"end":{"line":240,"column":8}},"77":{"start":{"line":242,"column":6},"end":{"line":249,"column":9}},"78":{"start":{"line":251,"column":6},"end":{"line":255,"column":9}},"79":{"start":{"line":257,"column":6},"end":{"line":257,"column":35}},"80":{"start":{"line":258,"column":6},"end":{"line":258,"column":18}},"81":{"start":{"line":267,"column":4},"end":{"line":270,"column":7}},"82":{"start":{"line":274,"column":0},"end":{"line":274,"column":32}}},"fnMap":{"0":{"name":"(anonymous_0)","decl":{"start":{"line":14,"column":2},"end":{"line":14,"column":3}},"loc":{"start":{"line":14,"column":40},"end":{"line":93,"column":3}},"line":14},"1":{"name":"(anonymous_1)","decl":{"start":{"line":99,"column":2},"end":{"line":99,"column":3}},"loc":{"start":{"line":99,"column":37},"end":{"line":173,"column":3}},"line":99},"2":{"name":"(anonymous_2)","decl":{"start":{"line":179,"column":2},"end":{"line":179,"column":3}},"loc":{"start":{"line":179,"column":34},"end":{"line":191,"column":3}},"line":179},"3":{"name":"(anonymous_3)","decl":{"start":{"line":197,"column":2},"end":{"line":197,"column":3}},"loc":{"start":{"line":197,"column":40},"end":{"line":260,"column":3}},"line":197},"4":{"name":"(anonymous_4)","decl":{"start":{"line":266,"column":2},"end":{"line":266,"column":3}},"loc":{"start":{"line":266,"column":38},"end":{"line":271,"column":3}},"line":266}},"branchMap":{"0":{"loc":{"start":{"line":27,"column":6},"end":{"line":36,"column":7}},"type":"if","locations":[{"start":{"line":27,"column":6},"end":{"line":36,"column":7}},{"start":{},"end":{}}],"line":27},"1":{"loc":{"start":{"line":39,"column":6},"end":{"line":48,"column":7}},"type":"if","locations":[{"start":{"line":39,"column":6},"end":{"line":48,"column":7}},{"start":{},"end":{}}],"line":39},"2":{"loc":{"start":{"line":64,"column":13},"end":{"line":64,"column":30}},"type":"binary-expr","locations":[{"start":{"line":64,"column":13},"end":{"line":64,"column":16}},{"start":{"line":64,"column":20},"end":{"line":64,"column":30}}],"line":64},"3":{"loc":{"start":{"line":72,"column":19},"end":{"line":72,"column":48}},"type":"cond-expr","locations":[{"start":{"line":72,"column":30},"end":{"line":72,"column":41}},{"start":{"line":72,"column":44},"end":{"line":72,"column":48}}],"line":72},"4":{"loc":{"start":{"line":108,"column":6},"end":{"line":117,"column":7}},"type":"if","locations":[{"start":{"line":108,"column":6},"end":{"line":117,"column":7}},{"start":{},"end":{}}],"line":108},"5":{"loc":{"start":{"line":119,"column":6},"end":{"line":128,"column":7}},"type":"if","locations":[{"start":{"line":119,"column":6},"end":{"line":128,"column":7}},{"start":{},"end":{}}],"line":119},"6":{"loc":{"start":{"line":131,"column":6},"end":{"line":140,"column":7}},"type":"if","locations":[{"start":{"line":131,"column":6},"end":{"line":140,"column":7}},{"start":{},"end":{}}],"line":131},"7":{"loc":{"start":{"line":147,"column":21},"end":{"line":147,"column":95}},"type":"binary-expr","locations":[{"start":{"line":147,"column":21},"end":{"line":147,"column":43}},{"start":{"line":147,"column":47},"end":{"line":147,"column":95}}],"line":147},"8":{"loc":{"start":{"line":148,"column":24},"end":{"line":148,"column":59}},"type":"binary-expr","locations":[{"start":{"line":148,"column":24},"end":{"line":148,"column":50}},{"start":{"line":148,"column":54},"end":{"line":148,"column":59}}],"line":148},"9":{"loc":{"start":{"line":210,"column":6},"end":{"line":210,"column":56}},"type":"if","locations":[{"start":{"line":210,"column":6},"end":{"line":210,"column":56}},{"start":{},"end":{}}],"line":210},"10":{"loc":{"start":{"line":211,"column":6},"end":{"line":211,"column":62}},"type":"if","locations":[{"start":{"line":211,"column":6},"end":{"line":211,"column":62}},{"start":{},"end":{}}],"line":211},"11":{"loc":{"start":{"line":212,"column":6},"end":{"line":212,"column":62}},"type":"if","locations":[{"start":{"line":212,"column":6},"end":{"line":212,"column":62}},{"start":{},"end":{}}],"line":212},"12":{"loc":{"start":{"line":213,"column":6},"end":{"line":213,"column":53}},"type":"if","locations":[{"start":{"line":213,"column":6},"end":{"line":213,"column":53}},{"start":{},"end":{}}],"line":213},"13":{"loc":{"start":{"line":214,"column":6},"end":{"line":214,"column":65}},"type":"if","locations":[{"start":{"line":214,"column":6},"end":{"line":214,"column":65}},{"start":{},"end":{}}],"line":214},"14":{"loc":{"start":{"line":219,"column":6},"end":{"line":233,"column":7}},"type":"if","locations":[{"start":{"line":219,"column":6},"end":{"line":233,"column":7}},{"start":{},"end":{}}],"line":219},"15":{"loc":{"start":{"line":221,"column":8},"end":{"line":230,"column":9}},"type":"if","locations":[{"start":{"line":221,"column":8},"end":{"line":230,"column":9}},{"start":{},"end":{}}],"line":221}},"s":{"0":10,"1":10,"2":10,"3":10,"4":2,"5":2,"6":2,"7":2,"8":2,"9":1,"10":1,"11":1,"12":1,"13":0,"14":0,"15":1,"16":1,"17":1,"18":1,"19":1,"20":1,"21":0,"22":0,"23":14,"24":14,"25":14,"26":14,"27":1,"28":1,"29":13,"30":0,"31":0,"32":13,"33":13,"34":1,"35":1,"36":12,"37":12,"38":12,"39":12,"40":12,"41":12,"42":12,"43":12,"44":12,"45":0,"46":1,"47":1,"48":1,"49":1,"50":0,"51":1,"52":1,"53":1,"54":1,"55":1,"56":1,"57":1,"58":0,"59":1,"60":0,"61":1,"62":1,"63":1,"64":0,"65":1,"66":1,"67":1,"68":1,"69":0,"70":0,"71":0,"72":0,"73":0,"74":0,"75":1,"76":1,"77":1,"78":1,"79":0,"80":0,"81":1,"82":10},"f":{"0":2,"1":14,"2":1,"3":1,"4":1},"b":{"0":[1,1],"1":[0,1],"2":[1,0],"3":[1,0],"4":[1,13],"5":[0,13],"6":[1,12],"7":[12,0],"8":[12,0],"9":[0,1],"10":[0,1],"11":[1,0],"12":[0,1],"13":[1,0],"14":[0,1],"15":[0,0]},"_coverageSchema":"1a1c01bbd47fc00a2c39e90264f33305004495a9","hash":"bbd908d4b7c17f69750855f621d33f36a50f3ef3"}
,"C:\\Users\\Erick\\Desktop\\Fundacion Rompiendo Paradigmas\\crm-becas\\backend\\src\\controllers\\becarioController.js": {"path":"C:\\Users\\Erick\\Desktop\\Fundacion Rompiendo Paradigmas\\crm-becas\\backend\\src\\controllers\\becarioController.js","statementMap":{"0":{"start":{"line":3,"column":4},"end":{"line":3,"column":24}},"1":{"start":{"line":4,"column":15},"end":{"line":4,"column":35}},"2":{"start":{"line":5,"column":21},"end":{"line":5,"column":56}},"3":{"start":{"line":6,"column":23},"end":{"line":6,"column":60}},"4":{"start":{"line":17,"column":4},"end":{"line":77,"column":5}},"5":{"start":{"line":18,"column":19},"end":{"line":18,"column":54}},"6":{"start":{"line":19,"column":20},"end":{"line":19,"column":57}},"7":{"start":{"line":20,"column":21},"end":{"line":20,"column":39}},"8":{"start":{"line":22,"column":66},"end":{"line":22,"column":75}},"9":{"start":{"line":24,"column":27},"end":{"line":24,"column":29}},"10":{"start":{"line":25,"column":27},"end":{"line":25,"column":29}},"11":{"start":{"line":27,"column":6},"end":{"line":29,"column":7}},"12":{"start":{"line":28,"column":8},"end":{"line":28,"column":47}},"13":{"start":{"line":30,"column":6},"end":{"line":32,"column":7}},"14":{"start":{"line":31,"column":8},"end":{"line":31,"column":53}},"15":{"start":{"line":33,"column":6},"end":{"line":35,"column":7}},"16":{"start":{"line":34,"column":8},"end":{"line":34,"column":45}},"17":{"start":{"line":37,"column":6},"end":{"line":44,"column":7}},"18":{"start":{"line":38,"column":8},"end":{"line":43,"column":10}},"19":{"start":{"line":46,"column":30},"end":{"line":61,"column":8}},"20":{"start":{"line":63,"column":6},"end":{"line":74,"column":9}},"21":{"start":{"line":76,"column":6},"end":{"line":76,"column":18}},"22":{"start":{"line":85,"column":4},"end":{"line":121,"column":5}},"23":{"start":{"line":86,"column":21},"end":{"line":86,"column":31}},"24":{"start":{"line":88,"column":22},"end":{"line":103,"column":8}},"25":{"start":{"line":105,"column":6},"end":{"line":113,"column":7}},"26":{"start":{"line":106,"column":8},"end":{"line":112,"column":11}},"27":{"start":{"line":115,"column":6},"end":{"line":118,"column":9}},"28":{"start":{"line":120,"column":6},"end":{"line":120,"column":18}},"29":{"start":{"line":129,"column":24},"end":{"line":129,"column":53}},"30":{"start":{"line":130,"column":4},"end":{"line":214,"column":5}},"31":{"start":{"line":134,"column":10},"end":{"line":134,"column":18}},"32":{"start":{"line":137,"column":26},"end":{"line":137,"column":68}},"33":{"start":{"line":138,"column":6},"end":{"line":144,"column":7}},"34":{"start":{"line":139,"column":8},"end":{"line":139,"column":37}},"35":{"start":{"line":140,"column":8},"end":{"line":143,"column":11}},"36":{"start":{"line":146,"column":22},"end":{"line":146,"column":56}},"37":{"start":{"line":147,"column":6},"end":{"line":153,"column":7}},"38":{"start":{"line":148,"column":8},"end":{"line":148,"column":37}},"39":{"start":{"line":149,"column":8},"end":{"line":152,"column":11}},"40":{"start":{"line":156,"column":30},"end":{"line":158,"column":8}},"41":{"start":{"line":159,"column":6},"end":{"line":165,"column":7}},"42":{"start":{"line":160,"column":8},"end":{"line":160,"column":37}},"43":{"start":{"line":161,"column":8},"end":{"line":164,"column":11}},"44":{"start":{"line":167,"column":22},"end":{"line":175,"column":25}},"45":{"start":{"line":177,"column":22},"end":{"line":186,"column":25}},"46":{"start":{"line":188,"column":6},"end":{"line":188,"column":33}},"47":{"start":{"line":190,"column":29},"end":{"line":196,"column":8}},"48":{"start":{"line":198,"column":6},"end":{"line":204,"column":9}},"49":{"start":{"line":206,"column":6},"end":{"line":210,"column":9}},"50":{"start":{"line":212,"column":6},"end":{"line":212,"column":35}},"51":{"start":{"line":213,"column":6},"end":{"line":213,"column":18}},"52":{"start":{"line":222,"column":24},"end":{"line":222,"column":53}},"53":{"start":{"line":223,"column":4},"end":{"line":293,"column":5}},"54":{"start":{"line":224,"column":21},"end":{"line":224,"column":31}},"55":{"start":{"line":228,"column":10},"end":{"line":228,"column":18}},"56":{"start":{"line":230,"column":22},"end":{"line":232,"column":8}},"57":{"start":{"line":234,"column":6},"end":{"line":240,"column":7}},"58":{"start":{"line":235,"column":8},"end":{"line":235,"column":37}},"59":{"start":{"line":236,"column":8},"end":{"line":239,"column":11}},"60":{"start":{"line":242,"column":27},"end":{"line":242,"column":43}},"61":{"start":{"line":243,"column":22},"end":{"line":243,"column":37}},"62":{"start":{"line":246,"column":6},"end":{"line":246,"column":56}},"63":{"start":{"line":246,"column":32},"end":{"line":246,"column":56}},"64":{"start":{"line":247,"column":6},"end":{"line":247,"column":62}},"65":{"start":{"line":247,"column":34},"end":{"line":247,"column":62}},"66":{"start":{"line":248,"column":6},"end":{"line":248,"column":56}},"67":{"start":{"line":248,"column":32},"end":{"line":248,"column":56}},"68":{"start":{"line":249,"column":6},"end":{"line":249,"column":86}},"69":{"start":{"line":249,"column":42},"end":{"line":249,"column":86}},"70":{"start":{"line":250,"column":6},"end":{"line":250,"column":62}},"71":{"start":{"line":250,"column":34},"end":{"line":250,"column":62}},"72":{"start":{"line":251,"column":6},"end":{"line":251,"column":53}},"73":{"start":{"line":251,"column":31},"end":{"line":251,"column":53}},"74":{"start":{"line":252,"column":6},"end":{"line":252,"column":65}},"75":{"start":{"line":252,"column":35},"end":{"line":252,"column":65}},"76":{"start":{"line":254,"column":6},"end":{"line":254,"column":42}},"77":{"start":{"line":257,"column":6},"end":{"line":257,"column":80}},"78":{"start":{"line":257,"column":40},"end":{"line":257,"column":80}},"79":{"start":{"line":258,"column":6},"end":{"line":258,"column":68}},"80":{"start":{"line":258,"column":36},"end":{"line":258,"column":68}},"81":{"start":{"line":259,"column":6},"end":{"line":259,"column":77}},"82":{"start":{"line":259,"column":39},"end":{"line":259,"column":77}},"83":{"start":{"line":260,"column":6},"end":{"line":260,"column":83}},"84":{"start":{"line":260,"column":41},"end":{"line":260,"column":83}},"85":{"start":{"line":261,"column":6},"end":{"line":261,"column":71}},"86":{"start":{"line":261,"column":37},"end":{"line":261,"column":71}},"87":{"start":{"line":262,"column":6},"end":{"line":262,"column":74}},"88":{"start":{"line":262,"column":38},"end":{"line":262,"column":74}},"89":{"start":{"line":264,"column":6},"end":{"line":264,"column":42}},"90":{"start":{"line":266,"column":6},"end":{"line":266,"column":33}},"91":{"start":{"line":268,"column":29},"end":{"line":274,"column":8}},"92":{"start":{"line":276,"column":6},"end":{"line":283,"column":9}},"93":{"start":{"line":285,"column":6},"end":{"line":289,"column":9}},"94":{"start":{"line":291,"column":6},"end":{"line":291,"column":35}},"95":{"start":{"line":292,"column":6},"end":{"line":292,"column":18}},"96":{"start":{"line":301,"column":4},"end":{"line":331,"column":5}},"97":{"start":{"line":302,"column":21},"end":{"line":302,"column":31}},"98":{"start":{"line":304,"column":22},"end":{"line":304,"column":48}},"99":{"start":{"line":305,"column":6},"end":{"line":310,"column":7}},"100":{"start":{"line":306,"column":8},"end":{"line":309,"column":11}},"101":{"start":{"line":312,"column":27},"end":{"line":312,"column":43}},"102":{"start":{"line":314,"column":6},"end":{"line":314,"column":40}},"103":{"start":{"line":315,"column":6},"end":{"line":315,"column":27}},"104":{"start":{"line":317,"column":6},"end":{"line":323,"column":9}},"105":{"start":{"line":325,"column":6},"end":{"line":328,"column":9}},"106":{"start":{"line":330,"column":6},"end":{"line":330,"column":18}},"107":{"start":{"line":339,"column":24},"end":{"line":339,"column":53}},"108":{"start":{"line":340,"column":4},"end":{"line":401,"column":5}},"109":{"start":{"line":341,"column":21},"end":{"line":341,"column":31}},"110":{"start":{"line":342,"column":40},"end":{"line":342,"column":48}},"111":{"start":{"line":344,"column":22},"end":{"line":344,"column":48}},"112":{"start":{"line":345,"column":6},"end":{"line":351,"column":7}},"113":{"start":{"line":346,"column":8},"end":{"line":346,"column":37}},"114":{"start":{"line":347,"column":8},"end":{"line":350,"column":11}},"115":{"start":{"line":353,"column":20},"end":{"line":353,"column":59}},"116":{"start":{"line":354,"column":6},"end":{"line":360,"column":7}},"117":{"start":{"line":355,"column":8},"end":{"line":355,"column":37}},"118":{"start":{"line":356,"column":8},"end":{"line":359,"column":11}},"119":{"start":{"line":362,"column":29},"end":{"line":362,"column":31}},"120":{"start":{"line":363,"column":6},"end":{"line":381,"column":7}},"121":{"start":{"line":364,"column":24},"end":{"line":364,"column":57}},"122":{"start":{"line":365,"column":8},"end":{"line":365,"column":31}},"123":{"start":{"line":365,"column":22},"end":{"line":365,"column":31}},"124":{"start":{"line":367,"column":24},"end":{"line":378,"column":10}},"125":{"start":{"line":380,"column":8},"end":{"line":380,"column":35}},"126":{"start":{"line":383,"column":6},"end":{"line":383,"column":33}},"127":{"start":{"line":385,"column":6},"end":{"line":391,"column":9}},"128":{"start":{"line":393,"column":6},"end":{"line":397,"column":9}},"129":{"start":{"line":399,"column":6},"end":{"line":399,"column":35}},"130":{"start":{"line":400,"column":6},"end":{"line":400,"column":18}},"131":{"start":{"line":409,"column":24},"end":{"line":409,"column":53}},"132":{"start":{"line":410,"column":4},"end":{"line":463,"column":5}},"133":{"start":{"line":411,"column":33},"end":{"line":411,"column":43}},"134":{"start":{"line":412,"column":39},"end":{"line":412,"column":47}},"135":{"start":{"line":414,"column":29},"end":{"line":416,"column":8}},"136":{"start":{"line":418,"column":6},"end":{"line":424,"column":7}},"137":{"start":{"line":419,"column":8},"end":{"line":419,"column":37}},"138":{"start":{"line":420,"column":8},"end":{"line":423,"column":11}},"139":{"start":{"line":426,"column":27},"end":{"line":426,"column":50}},"140":{"start":{"line":428,"column":6},"end":{"line":428,"column":49}},"141":{"start":{"line":429,"column":6},"end":{"line":434,"column":7}},"142":{"start":{"line":430,"column":8},"end":{"line":430,"column":39}},"143":{"start":{"line":433,"column":8},"end":{"line":433,"column":90}},"144":{"start":{"line":436,"column":6},"end":{"line":436,"column":49}},"145":{"start":{"line":439,"column":26},"end":{"line":439,"column":85}},"146":{"start":{"line":441,"column":6},"end":{"line":441,"column":33}},"147":{"start":{"line":443,"column":6},"end":{"line":450,"column":9}},"148":{"start":{"line":452,"column":6},"end":{"line":459,"column":9}},"149":{"start":{"line":461,"column":6},"end":{"line":461,"column":35}},"150":{"start":{"line":462,"column":6},"end":{"line":462,"column":18}},"151":{"start":{"line":467,"column":0},"end":{"line":467,"column":35}}},"fnMap":{"0":{"name":"(anonymous_0)","decl":{"start":{"line":16,"column":2},"end":{"line":16,"column":3}},"loc":{"start":{"line":16,"column":36},"end":{"line":78,"column":3}},"line":16},"1":{"name":"(anonymous_1)","decl":{"start":{"line":84,"column":2},"end":{"line":84,"column":3}},"loc":{"start":{"line":84,"column":39},"end":{"line":122,"column":3}},"line":84},"2":{"name":"(anonymous_2)","decl":{"start":{"line":128,"column":2},"end":{"line":128,"column":3}},"loc":{"start":{"line":128,"column":38},"end":{"line":215,"column":3}},"line":128},"3":{"name":"(anonymous_3)","decl":{"start":{"line":221,"column":2},"end":{"line":221,"column":3}},"loc":{"start":{"line":221,"column":38},"end":{"line":294,"column":3}},"line":221},"4":{"name":"(anonymous_4)","decl":{"start":{"line":300,"column":2},"end":{"line":300,"column":3}},"loc":{"start":{"line":300,"column":38},"end":{"line":332,"column":3}},"line":300},"5":{"name":"(anonymous_5)","decl":{"start":{"line":338,"column":2},"end":{"line":338,"column":3}},"loc":{"start":{"line":338,"column":46},"end":{"line":402,"column":3}},"line":338},"6":{"name":"(anonymous_6)","decl":{"start":{"line":408,"column":2},"end":{"line":408,"column":3}},"loc":{"start":{"line":408,"column":50},"end":{"line":464,"column":3}},"line":408}},"branchMap":{"0":{"loc":{"start":{"line":18,"column":28},"end":{"line":18,"column":49}},"type":"binary-expr","locations":[{"start":{"line":18,"column":28},"end":{"line":18,"column":42}},{"start":{"line":18,"column":46},"end":{"line":18,"column":49}}],"line":18},"1":{"loc":{"start":{"line":19,"column":29},"end":{"line":19,"column":52}},"type":"binary-expr","locations":[{"start":{"line":19,"column":29},"end":{"line":19,"column":44}},{"start":{"line":19,"column":48},"end":{"line":19,"column":52}}],"line":19},"2":{"loc":{"start":{"line":27,"column":6},"end":{"line":29,"column":7}},"type":"if","locations":[{"start":{"line":27,"column":6},"end":{"line":29,"column":7}},{"start":{},"end":{}}],"line":27},"3":{"loc":{"start":{"line":30,"column":6},"end":{"line":32,"column":7}},"type":"if","locations":[{"start":{"line":30,"column":6},"end":{"line":32,"column":7}},{"start":{},"end":{}}],"line":30},"4":{"loc":{"start":{"line":33,"column":6},"end":{"line":35,"column":7}},"type":"if","locations":[{"start":{"line":33,"column":6},"end":{"line":35,"column":7}},{"start":{},"end":{}}],"line":33},"5":{"loc":{"start":{"line":37,"column":6},"end":{"line":44,"column":7}},"type":"if","locations":[{"start":{"line":37,"column":6},"end":{"line":44,"column":7}},{"start":{},"end":{}}],"line":37},"6":{"loc":{"start":{"line":52,"column":19},"end":{"line":52,"column":82}},"type":"cond-expr","locations":[{"start":{"line":52,"column":58},"end":{"line":52,"column":70}},{"start":{"line":52,"column":73},"end":{"line":52,"column":82}}],"line":52},"7":{"loc":{"start":{"line":105,"column":6},"end":{"line":113,"column":7}},"type":"if","locations":[{"start":{"line":105,"column":6},"end":{"line":113,"column":7}},{"start":{},"end":{}}],"line":105},"8":{"loc":{"start":{"line":138,"column":6},"end":{"line":144,"column":7}},"type":"if","locations":[{"start":{"line":138,"column":6},"end":{"line":144,"column":7}},{"start":{},"end":{}}],"line":138},"9":{"loc":{"start":{"line":147,"column":6},"end":{"line":153,"column":7}},"type":"if","locations":[{"start":{"line":147,"column":6},"end":{"line":153,"column":7}},{"start":{},"end":{}}],"line":147},"10":{"loc":{"start":{"line":159,"column":6},"end":{"line":165,"column":7}},"type":"if","locations":[{"start":{"line":159,"column":6},"end":{"line":165,"column":7}},{"start":{},"end":{}}],"line":159},"11":{"loc":{"start":{"line":182,"column":25},"end":{"line":182,"column":54}},"type":"binary-expr","locations":[{"start":{"line":182,"column":25},"end":{"line":182,"column":40}},{"start":{"line":182,"column":44},"end":{"line":182,"column":54}}],"line":182},"12":{"loc":{"start":{"line":183,"column":21},"end":{"line":183,"column":44}},"type":"binary-expr","locations":[{"start":{"line":183,"column":21},"end":{"line":183,"column":32}},{"start":{"line":183,"column":36},"end":{"line":183,"column":44}}],"line":183},"13":{"loc":{"start":{"line":184,"column":22},"end":{"line":184,"column":39}},"type":"binary-expr","locations":[{"start":{"line":184,"column":22},"end":{"line":184,"column":34}},{"start":{"line":184,"column":38},"end":{"line":184,"column":39}}],"line":184},"14":{"loc":{"start":{"line":199,"column":19},"end":{"line":199,"column":48}},"type":"cond-expr","locations":[{"start":{"line":199,"column":30},"end":{"line":199,"column":41}},{"start":{"line":199,"column":44},"end":{"line":199,"column":48}}],"line":199},"15":{"loc":{"start":{"line":234,"column":6},"end":{"line":240,"column":7}},"type":"if","locations":[{"start":{"line":234,"column":6},"end":{"line":240,"column":7}},{"start":{},"end":{}}],"line":234},"16":{"loc":{"start":{"line":246,"column":6},"end":{"line":246,"column":56}},"type":"if","locations":[{"start":{"line":246,"column":6},"end":{"line":246,"column":56}},{"start":{},"end":{}}],"line":246},"17":{"loc":{"start":{"line":247,"column":6},"end":{"line":247,"column":62}},"type":"if","locations":[{"start":{"line":247,"column":6},"end":{"line":247,"column":62}},{"start":{},"end":{}}],"line":247},"18":{"loc":{"start":{"line":248,"column":6},"end":{"line":248,"column":56}},"type":"if","locations":[{"start":{"line":248,"column":6},"end":{"line":248,"column":56}},{"start":{},"end":{}}],"line":248},"19":{"loc":{"start":{"line":249,"column":6},"end":{"line":249,"column":86}},"type":"if","locations":[{"start":{"line":249,"column":6},"end":{"line":249,"column":86}},{"start":{},"end":{}}],"line":249},"20":{"loc":{"start":{"line":250,"column":6},"end":{"line":250,"column":62}},"type":"if","locations":[{"start":{"line":250,"column":6},"end":{"line":250,"column":62}},{"start":{},"end":{}}],"line":250},"21":{"loc":{"start":{"line":251,"column":6},"end":{"line":251,"column":53}},"type":"if","locations":[{"start":{"line":251,"column":6},"end":{"line":251,"column":53}},{"start":{},"end":{}}],"line":251},"22":{"loc":{"start":{"line":252,"column":6},"end":{"line":252,"column":65}},"type":"if","locations":[{"start":{"line":252,"column":6},"end":{"line":252,"column":65}},{"start":{},"end":{}}],"line":252},"23":{"loc":{"start":{"line":257,"column":6},"end":{"line":257,"column":80}},"type":"if","locations":[{"start":{"line":257,"column":6},"end":{"line":257,"column":80}},{"start":{},"end":{}}],"line":257},"24":{"loc":{"start":{"line":258,"column":6},"end":{"line":258,"column":68}},"type":"if","locations":[{"start":{"line":258,"column":6},"end":{"line":258,"column":68}},{"start":{},"end":{}}],"line":258},"25":{"loc":{"start":{"line":259,"column":6},"end":{"line":259,"column":77}},"type":"if","locations":[{"start":{"line":259,"column":6},"end":{"line":259,"column":77}},{"start":{},"end":{}}],"line":259},"26":{"loc":{"start":{"line":260,"column":6},"end":{"line":260,"column":83}},"type":"if","locations":[{"start":{"line":260,"column":6},"end":{"line":260,"column":83}},{"start":{},"end":{}}],"line":260},"27":{"loc":{"start":{"line":261,"column":6},"end":{"line":261,"column":71}},"type":"if","locations":[{"start":{"line":261,"column":6},"end":{"line":261,"column":71}},{"start":{},"end":{}}],"line":261},"28":{"loc":{"start":{"line":262,"column":6},"end":{"line":262,"column":74}},"type":"if","locations":[{"start":{"line":262,"column":6},"end":{"line":262,"column":74}},{"start":{},"end":{}}],"line":262},"29":{"loc":{"start":{"line":277,"column":19},"end":{"line":277,"column":48}},"type":"cond-expr","locations":[{"start":{"line":277,"column":30},"end":{"line":277,"column":41}},{"start":{"line":277,"column":44},"end":{"line":277,"column":48}}],"line":277},"30":{"loc":{"start":{"line":305,"column":6},"end":{"line":310,"column":7}},"type":"if","locations":[{"start":{"line":305,"column":6},"end":{"line":310,"column":7}},{"start":{},"end":{}}],"line":305},"31":{"loc":{"start":{"line":318,"column":19},"end":{"line":318,"column":48}},"type":"cond-expr","locations":[{"start":{"line":318,"column":30},"end":{"line":318,"column":41}},{"start":{"line":318,"column":44},"end":{"line":318,"column":48}}],"line":318},"32":{"loc":{"start":{"line":345,"column":6},"end":{"line":351,"column":7}},"type":"if","locations":[{"start":{"line":345,"column":6},"end":{"line":351,"column":7}},{"start":{},"end":{}}],"line":345},"33":{"loc":{"start":{"line":354,"column":6},"end":{"line":360,"column":7}},"type":"if","locations":[{"start":{"line":354,"column":6},"end":{"line":360,"column":7}},{"start":{},"end":{}}],"line":354},"34":{"loc":{"start":{"line":365,"column":8},"end":{"line":365,"column":31}},"type":"if","locations":[{"start":{"line":365,"column":8},"end":{"line":365,"column":31}},{"start":{},"end":{}}],"line":365},"35":{"loc":{"start":{"line":386,"column":19},"end":{"line":386,"column":48}},"type":"cond-expr","locations":[{"start":{"line":386,"column":30},"end":{"line":386,"column":41}},{"start":{"line":386,"column":44},"end":{"line":386,"column":48}}],"line":386},"36":{"loc":{"start":{"line":418,"column":6},"end":{"line":424,"column":7}},"type":"if","locations":[{"start":{"line":418,"column":6},"end":{"line":424,"column":7}},{"start":{},"end":{}}],"line":418},"37":{"loc":{"start":{"line":429,"column":6},"end":{"line":434,"column":7}},"type":"if","locations":[{"start":{"line":429,"column":6},"end":{"line":434,"column":7}},{"start":{"line":431,"column":13},"end":{"line":434,"column":7}}],"line":429},"38":{"loc":{"start":{"line":433,"column":32},"end":{"line":433,"column":89}},"type":"cond-expr","locations":[{"start":{"line":433,"column":65},"end":{"line":433,"column":75}},{"start":{"line":433,"column":78},"end":{"line":433,"column":89}}],"line":433},"39":{"loc":{"start":{"line":444,"column":19},"end":{"line":444,"column":48}},"type":"cond-expr","locations":[{"start":{"line":444,"column":30},"end":{"line":444,"column":41}},{"start":{"line":444,"column":44},"end":{"line":444,"column":48}}],"line":444}},"s":{"0":10,"1":10,"2":10,"3":10,"4":1,"5":1,"6":1,"7":1,"8":1,"9":1,"10":1,"11":1,"12":1,"13":1,"14":0,"15":1,"16":0,"17":1,"18":0,"19":1,"20":1,"21":0,"22":2,"23":2,"24":2,"25":2,"26":0,"27":2,"28":0,"29":2,"30":2,"31":2,"32":2,"33":2,"34":0,"35":0,"36":2,"37":2,"38":0,"39":0,"40":2,"41":2,"42":1,"43":1,"44":1,"45":1,"46":1,"47":1,"48":1,"49":1,"50":0,"51":0,"52":1,"53":1,"54":1,"55":1,"56":1,"57":1,"58":0,"59":0,"60":1,"61":1,"62":1,"63":0,"64":1,"65":0,"66":1,"67":0,"68":1,"69":0,"70":1,"71":1,"72":1,"73":0,"74":1,"75":0,"76":1,"77":1,"78":0,"79":1,"80":0,"81":1,"82":0,"83":1,"84":0,"85":1,"86":0,"87":1,"88":1,"89":1,"90":1,"91":1,"92":1,"93":1,"94":0,"95":0,"96":1,"97":1,"98":1,"99":1,"100":0,"101":1,"102":1,"103":1,"104":1,"105":1,"106":0,"107":1,"108":1,"109":1,"110":1,"111":1,"112":1,"113":0,"114":0,"115":1,"116":1,"117":0,"118":0,"119":1,"120":1,"121":1,"122":1,"123":0,"124":1,"125":1,"126":1,"127":1,"128":1,"129":0,"130":0,"131":1,"132":1,"133":1,"134":1,"135":1,"136":1,"137":0,"138":0,"139":1,"140":1,"141":1,"142":1,"143":0,"144":1,"145":1,"146":1,"147":1,"148":1,"149":0,"150":0,"151":10},"f":{"0":1,"1":2,"2":2,"3":1,"4":1,"5":1,"6":1},"b":{"0":[1,0],"1":[1,0],"2":[1,0],"3":[0,1],"4":[0,1],"5":[0,1],"6":[0,1],"7":[0,2],"8":[0,2],"9":[0,2],"10":[1,1],"11":[1,1],"12":[1,0],"13":[1,0],"14":[1,0],"15":[0,1],"16":[0,1],"17":[0,1],"18":[0,1],"19":[0,1],"20":[1,0],"21":[0,1],"22":[0,1],"23":[0,1],"24":[0,1],"25":[0,1],"26":[0,1],"27":[0,1],"28":[1,0],"29":[1,0],"30":[0,1],"31":[1,0],"32":[0,1],"33":[0,1],"34":[0,1],"35":[1,0],"36":[0,1],"37":[1,0],"38":[0,0],"39":[1,0]},"_coverageSchema":"1a1c01bbd47fc00a2c39e90264f33305004495a9","hash":"37dd318b3bcad4bed61d7daeb33c0cca1f2823c3"}
,"C:\\Users\\Erick\\Desktop\\Fundacion Rompiendo Paradigmas\\crm-becas\\backend\\src\\controllers\\becarioPadrinoController.js": {"path":"C:\\Users\\Erick\\Desktop\\Fundacion Rompiendo Paradigmas\\crm-becas\\backend\\src\\controllers\\becarioPadrinoController.js","statementMap":{"0":{"start":{"line":1,"column":54},"end":{"line":1,"column":74}},"1":{"start":{"line":2,"column":21},"end":{"line":2,"column":56}},"2":{"start":{"line":13,"column":4},"end":{"line":76,"column":5}},"3":{"start":{"line":14,"column":21},"end":{"line":14,"column":31}},"4":{"start":{"line":15,"column":62},"end":{"line":15,"column":70}},"5":{"start":{"line":17,"column":22},"end":{"line":17,"column":48}},"6":{"start":{"line":18,"column":6},"end":{"line":23,"column":7}},"7":{"start":{"line":19,"column":8},"end":{"line":22,"column":11}},"8":{"start":{"line":25,"column":22},"end":{"line":25,"column":56}},"9":{"start":{"line":26,"column":6},"end":{"line":31,"column":7}},"10":{"start":{"line":27,"column":8},"end":{"line":30,"column":11}},"11":{"start":{"line":33,"column":6},"end":{"line":38,"column":7}},"12":{"start":{"line":34,"column":8},"end":{"line":37,"column":11}},"13":{"start":{"line":41,"column":36},"end":{"line":52,"column":8}},"14":{"start":{"line":54,"column":6},"end":{"line":59,"column":7}},"15":{"start":{"line":55,"column":8},"end":{"line":58,"column":11}},"16":{"start":{"line":61,"column":6},"end":{"line":67,"column":9}},"17":{"start":{"line":69,"column":6},"end":{"line":73,"column":9}},"18":{"start":{"line":75,"column":6},"end":{"line":75,"column":18}},"19":{"start":{"line":84,"column":4},"end":{"line":123,"column":5}},"20":{"start":{"line":85,"column":33},"end":{"line":85,"column":43}},"21":{"start":{"line":86,"column":51},"end":{"line":86,"column":59}},"22":{"start":{"line":88,"column":25},"end":{"line":90,"column":8}},"23":{"start":{"line":92,"column":6},"end":{"line":97,"column":7}},"24":{"start":{"line":93,"column":8},"end":{"line":96,"column":11}},"25":{"start":{"line":99,"column":27},"end":{"line":99,"column":46}},"26":{"start":{"line":101,"column":6},"end":{"line":101,"column":68}},"27":{"start":{"line":101,"column":35},"end":{"line":101,"column":68}},"28":{"start":{"line":102,"column":6},"end":{"line":102,"column":59}},"29":{"start":{"line":102,"column":32},"end":{"line":102,"column":59}},"30":{"start":{"line":103,"column":6},"end":{"line":103,"column":80}},"31":{"start":{"line":103,"column":39},"end":{"line":103,"column":80}},"32":{"start":{"line":105,"column":6},"end":{"line":105,"column":30}},"33":{"start":{"line":107,"column":6},"end":{"line":114,"column":9}},"34":{"start":{"line":116,"column":6},"end":{"line":120,"column":9}},"35":{"start":{"line":122,"column":6},"end":{"line":122,"column":18}},"36":{"start":{"line":131,"column":4},"end":{"line":165,"column":5}},"37":{"start":{"line":132,"column":33},"end":{"line":132,"column":43}},"38":{"start":{"line":134,"column":25},"end":{"line":136,"column":8}},"39":{"start":{"line":138,"column":6},"end":{"line":143,"column":7}},"40":{"start":{"line":139,"column":8},"end":{"line":142,"column":11}},"41":{"start":{"line":145,"column":27},"end":{"line":145,"column":46}},"42":{"start":{"line":147,"column":6},"end":{"line":147,"column":32}},"43":{"start":{"line":148,"column":6},"end":{"line":148,"column":40}},"44":{"start":{"line":149,"column":6},"end":{"line":149,"column":30}},"45":{"start":{"line":151,"column":6},"end":{"line":157,"column":9}},"46":{"start":{"line":159,"column":6},"end":{"line":162,"column":9}},"47":{"start":{"line":164,"column":6},"end":{"line":164,"column":18}},"48":{"start":{"line":169,"column":0},"end":{"line":169,"column":42}}},"fnMap":{"0":{"name":"(anonymous_0)","decl":{"start":{"line":12,"column":2},"end":{"line":12,"column":3}},"loc":{"start":{"line":12,"column":45},"end":{"line":77,"column":3}},"line":12},"1":{"name":"(anonymous_1)","decl":{"start":{"line":83,"column":2},"end":{"line":83,"column":3}},"loc":{"start":{"line":83,"column":48},"end":{"line":124,"column":3}},"line":83},"2":{"name":"(anonymous_2)","decl":{"start":{"line":130,"column":2},"end":{"line":130,"column":3}},"loc":{"start":{"line":130,"column":47},"end":{"line":166,"column":3}},"line":130}},"branchMap":{"0":{"loc":{"start":{"line":18,"column":6},"end":{"line":23,"column":7}},"type":"if","locations":[{"start":{"line":18,"column":6},"end":{"line":23,"column":7}},{"start":{},"end":{}}],"line":18},"1":{"loc":{"start":{"line":26,"column":6},"end":{"line":31,"column":7}},"type":"if","locations":[{"start":{"line":26,"column":6},"end":{"line":31,"column":7}},{"start":{},"end":{}}],"line":26},"2":{"loc":{"start":{"line":33,"column":6},"end":{"line":38,"column":7}},"type":"if","locations":[{"start":{"line":33,"column":6},"end":{"line":38,"column":7}},{"start":{},"end":{}}],"line":33},"3":{"loc":{"start":{"line":48,"column":28},"end":{"line":48,"column":58}},"type":"binary-expr","locations":[{"start":{"line":48,"column":28},"end":{"line":48,"column":44}},{"start":{"line":48,"column":48},"end":{"line":48,"column":58}}],"line":48},"4":{"loc":{"start":{"line":54,"column":6},"end":{"line":59,"column":7}},"type":"if","locations":[{"start":{"line":54,"column":6},"end":{"line":59,"column":7}},{"start":{},"end":{}}],"line":54},"5":{"loc":{"start":{"line":62,"column":19},"end":{"line":62,"column":48}},"type":"cond-expr","locations":[{"start":{"line":62,"column":30},"end":{"line":62,"column":41}},{"start":{"line":62,"column":44},"end":{"line":62,"column":48}}],"line":62},"6":{"loc":{"start":{"line":92,"column":6},"end":{"line":97,"column":7}},"type":"if","locations":[{"start":{"line":92,"column":6},"end":{"line":97,"column":7}},{"start":{},"end":{}}],"line":92},"7":{"loc":{"start":{"line":101,"column":6},"end":{"line":101,"column":68}},"type":"if","locations":[{"start":{"line":101,"column":6},"end":{"line":101,"column":68}},{"start":{},"end":{}}],"line":101},"8":{"loc":{"start":{"line":102,"column":6},"end":{"line":102,"column":59}},"type":"if","locations":[{"start":{"line":102,"column":6},"end":{"line":102,"column":59}},{"start":{},"end":{}}],"line":102},"9":{"loc":{"start":{"line":103,"column":6},"end":{"line":103,"column":80}},"type":"if","locations":[{"start":{"line":103,"column":6},"end":{"line":103,"column":80}},{"start":{},"end":{}}],"line":103},"10":{"loc":{"start":{"line":108,"column":19},"end":{"line":108,"column":48}},"type":"cond-expr","locations":[{"start":{"line":108,"column":30},"end":{"line":108,"column":41}},{"start":{"line":108,"column":44},"end":{"line":108,"column":48}}],"line":108},"11":{"loc":{"start":{"line":138,"column":6},"end":{"line":143,"column":7}},"type":"if","locations":[{"start":{"line":138,"column":6},"end":{"line":143,"column":7}},{"start":{},"end":{}}],"line":138},"12":{"loc":{"start":{"line":152,"column":19},"end":{"line":152,"column":48}},"type":"cond-expr","locations":[{"start":{"line":152,"column":30},"end":{"line":152,"column":41}},{"start":{"line":152,"column":44},"end":{"line":152,"column":48}}],"line":152}},"s":{"0":10,"1":10,"2":2,"3":2,"4":2,"5":2,"6":2,"7":0,"8":2,"9":2,"10":0,"11":2,"12":0,"13":2,"14":2,"15":1,"16":1,"17":1,"18":0,"19":1,"20":1,"21":1,"22":1,"23":1,"24":0,"25":1,"26":1,"27":0,"28":1,"29":0,"30":1,"31":1,"32":1,"33":1,"34":1,"35":0,"36":1,"37":1,"38":1,"39":1,"40":0,"41":1,"42":1,"43":1,"44":1,"45":1,"46":1,"47":0,"48":10},"f":{"0":2,"1":1,"2":1},"b":{"0":[0,2],"1":[0,2],"2":[0,2],"3":[2,1],"4":[1,1],"5":[1,0],"6":[0,1],"7":[0,1],"8":[0,1],"9":[1,0],"10":[1,0],"11":[0,1],"12":[1,0]},"_coverageSchema":"1a1c01bbd47fc00a2c39e90264f33305004495a9","hash":"86fd783ec27136517861586f47ac0b5dea6691b8"}
,"C:\\Users\\Erick\\Desktop\\Fundacion Rompiendo Paradigmas\\crm-becas\\backend\\src\\controllers\\carreraController.js": {"path":"C:\\Users\\Erick\\Desktop\\Fundacion Rompiendo Paradigmas\\crm-becas\\backend\\src\\controllers\\carreraController.js","statementMap":{"0":{"start":{"line":1,"column":42},"end":{"line":1,"column":62}},"1":{"start":{"line":2,"column":21},"end":{"line":2,"column":56}},"2":{"start":{"line":9,"column":4},"end":{"line":28,"column":5}},"3":{"start":{"line":10,"column":33},"end":{"line":10,"column":42}},"4":{"start":{"line":11,"column":20},"end":{"line":11,"column":22}},"5":{"start":{"line":12,"column":6},"end":{"line":14,"column":7}},"6":{"start":{"line":13,"column":8},"end":{"line":13,"column":46}},"7":{"start":{"line":16,"column":23},"end":{"line":20,"column":8}},"8":{"start":{"line":22,"column":6},"end":{"line":25,"column":9}},"9":{"start":{"line":27,"column":6},"end":{"line":27,"column":18}},"10":{"start":{"line":32,"column":4},"end":{"line":67,"column":5}},"11":{"start":{"line":33,"column":58},"end":{"line":33,"column":66}},"12":{"start":{"line":35,"column":26},"end":{"line":35,"column":68}},"13":{"start":{"line":36,"column":6},"end":{"line":44,"column":7}},"14":{"start":{"line":37,"column":8},"end":{"line":43,"column":11}},"15":{"start":{"line":46,"column":22},"end":{"line":50,"column":8}},"16":{"start":{"line":52,"column":6},"end":{"line":58,"column":9}},"17":{"start":{"line":60,"column":6},"end":{"line":64,"column":9}},"18":{"start":{"line":66,"column":6},"end":{"line":66,"column":18}},"19":{"start":{"line":71,"column":4},"end":{"line":85,"column":5}},"20":{"start":{"line":72,"column":21},"end":{"line":72,"column":31}},"21":{"start":{"line":74,"column":23},"end":{"line":77,"column":8}},"22":{"start":{"line":79,"column":6},"end":{"line":82,"column":9}},"23":{"start":{"line":84,"column":6},"end":{"line":84,"column":18}},"24":{"start":{"line":89,"column":4},"end":{"line":127,"column":5}},"25":{"start":{"line":90,"column":21},"end":{"line":90,"column":31}},"26":{"start":{"line":91,"column":50},"end":{"line":91,"column":58}},"27":{"start":{"line":93,"column":22},"end":{"line":93,"column":48}},"28":{"start":{"line":94,"column":6},"end":{"line":102,"column":7}},"29":{"start":{"line":95,"column":8},"end":{"line":101,"column":11}},"30":{"start":{"line":104,"column":22},"end":{"line":110,"column":8}},"31":{"start":{"line":112,"column":6},"end":{"line":118,"column":9}},"32":{"start":{"line":120,"column":6},"end":{"line":124,"column":9}},"33":{"start":{"line":126,"column":6},"end":{"line":126,"column":18}},"34":{"start":{"line":131,"column":0},"end":{"line":131,"column":35}}},"fnMap":{"0":{"name":"(anonymous_0)","decl":{"start":{"line":8,"column":2},"end":{"line":8,"column":3}},"loc":{"start":{"line":8,"column":36},"end":{"line":29,"column":3}},"line":8},"1":{"name":"(anonymous_1)","decl":{"start":{"line":31,"column":2},"end":{"line":31,"column":3}},"loc":{"start":{"line":31,"column":38},"end":{"line":68,"column":3}},"line":31},"2":{"name":"(anonymous_2)","decl":{"start":{"line":70,"column":2},"end":{"line":70,"column":3}},"loc":{"start":{"line":70,"column":43},"end":{"line":86,"column":3}},"line":70},"3":{"name":"(anonymous_3)","decl":{"start":{"line":88,"column":2},"end":{"line":88,"column":3}},"loc":{"start":{"line":88,"column":42},"end":{"line":128,"column":3}},"line":88}},"branchMap":{"0":{"loc":{"start":{"line":12,"column":6},"end":{"line":14,"column":7}},"type":"if","locations":[{"start":{"line":12,"column":6},"end":{"line":14,"column":7}},{"start":{},"end":{}}],"line":12},"1":{"loc":{"start":{"line":36,"column":6},"end":{"line":44,"column":7}},"type":"if","locations":[{"start":{"line":36,"column":6},"end":{"line":44,"column":7}},{"start":{},"end":{}}],"line":36},"2":{"loc":{"start":{"line":53,"column":19},"end":{"line":53,"column":48}},"type":"cond-expr","locations":[{"start":{"line":53,"column":30},"end":{"line":53,"column":41}},{"start":{"line":53,"column":44},"end":{"line":53,"column":48}}],"line":53},"3":{"loc":{"start":{"line":94,"column":6},"end":{"line":102,"column":7}},"type":"if","locations":[{"start":{"line":94,"column":6},"end":{"line":102,"column":7}},{"start":{},"end":{}}],"line":94},"4":{"loc":{"start":{"line":113,"column":19},"end":{"line":113,"column":48}},"type":"cond-expr","locations":[{"start":{"line":113,"column":30},"end":{"line":113,"column":41}},{"start":{"line":113,"column":44},"end":{"line":113,"column":48}}],"line":113}},"s":{"0":10,"1":10,"2":1,"3":1,"4":1,"5":1,"6":1,"7":1,"8":1,"9":0,"10":1,"11":1,"12":1,"13":1,"14":0,"15":1,"16":1,"17":1,"18":0,"19":1,"20":1,"21":1,"22":1,"23":0,"24":1,"25":1,"26":1,"27":1,"28":1,"29":0,"30":1,"31":1,"32":1,"33":0,"34":10},"f":{"0":1,"1":1,"2":1,"3":1},"b":{"0":[1,0],"1":[0,1],"2":[1,0],"3":[0,1],"4":[1,0]},"_coverageSchema":"1a1c01bbd47fc00a2c39e90264f33305004495a9","hash":"c0b838ecc972aaf0d220679c19fb1a96638ccbcc"}
,"C:\\Users\\Erick\\Desktop\\Fundacion Rompiendo Paradigmas\\crm-becas\\backend\\src\\controllers\\cicloController.js": {"path":"C:\\Users\\Erick\\Desktop\\Fundacion Rompiendo Paradigmas\\crm-becas\\backend\\src\\controllers\\cicloController.js","statementMap":{"0":{"start":{"line":1,"column":40},"end":{"line":1,"column":60}},"1":{"start":{"line":2,"column":21},"end":{"line":2,"column":56}},"2":{"start":{"line":9,"column":4},"end":{"line":28,"column":5}},"3":{"start":{"line":10,"column":33},"end":{"line":10,"column":42}},"4":{"start":{"line":11,"column":20},"end":{"line":11,"column":22}},"5":{"start":{"line":12,"column":6},"end":{"line":14,"column":7}},"6":{"start":{"line":13,"column":8},"end":{"line":13,"column":46}},"7":{"start":{"line":16,"column":21},"end":{"line":20,"column":8}},"8":{"start":{"line":22,"column":6},"end":{"line":25,"column":9}},"9":{"start":{"line":27,"column":6},"end":{"line":27,"column":18}},"10":{"start":{"line":32,"column":4},"end":{"line":78,"column":5}},"11":{"start":{"line":33,"column":99},"end":{"line":33,"column":107}},"12":{"start":{"line":35,"column":26},"end":{"line":35,"column":68}},"13":{"start":{"line":36,"column":6},"end":{"line":44,"column":7}},"14":{"start":{"line":37,"column":8},"end":{"line":43,"column":11}},"15":{"start":{"line":46,"column":6},"end":{"line":52,"column":7}},"16":{"start":{"line":48,"column":8},"end":{"line":51,"column":10}},"17":{"start":{"line":54,"column":20},"end":{"line":61,"column":8}},"18":{"start":{"line":63,"column":6},"end":{"line":69,"column":9}},"19":{"start":{"line":71,"column":6},"end":{"line":75,"column":9}},"20":{"start":{"line":77,"column":6},"end":{"line":77,"column":18}},"21":{"start":{"line":82,"column":4},"end":{"line":130,"column":5}},"22":{"start":{"line":83,"column":21},"end":{"line":83,"column":31}},"23":{"start":{"line":84,"column":83},"end":{"line":84,"column":91}},"24":{"start":{"line":86,"column":20},"end":{"line":86,"column":53}},"25":{"start":{"line":87,"column":6},"end":{"line":95,"column":7}},"26":{"start":{"line":88,"column":8},"end":{"line":94,"column":11}},"27":{"start":{"line":97,"column":27},"end":{"line":97,"column":41}},"28":{"start":{"line":99,"column":6},"end":{"line":104,"column":7}},"29":{"start":{"line":100,"column":8},"end":{"line":103,"column":10}},"30":{"start":{"line":106,"column":6},"end":{"line":106,"column":54}},"31":{"start":{"line":106,"column":32},"end":{"line":106,"column":54}},"32":{"start":{"line":107,"column":6},"end":{"line":107,"column":72}},"33":{"start":{"line":107,"column":38},"end":{"line":107,"column":72}},"34":{"start":{"line":108,"column":6},"end":{"line":108,"column":63}},"35":{"start":{"line":108,"column":35},"end":{"line":108,"column":63}},"36":{"start":{"line":109,"column":6},"end":{"line":109,"column":87}},"37":{"start":{"line":109,"column":43},"end":{"line":109,"column":87}},"38":{"start":{"line":110,"column":6},"end":{"line":110,"column":72}},"39":{"start":{"line":110,"column":38},"end":{"line":110,"column":72}},"40":{"start":{"line":112,"column":6},"end":{"line":112,"column":25}},"41":{"start":{"line":114,"column":6},"end":{"line":121,"column":9}},"42":{"start":{"line":123,"column":6},"end":{"line":127,"column":9}},"43":{"start":{"line":129,"column":6},"end":{"line":129,"column":18}},"44":{"start":{"line":134,"column":0},"end":{"line":134,"column":33}}},"fnMap":{"0":{"name":"(anonymous_0)","decl":{"start":{"line":8,"column":2},"end":{"line":8,"column":3}},"loc":{"start":{"line":8,"column":36},"end":{"line":29,"column":3}},"line":8},"1":{"name":"(anonymous_1)","decl":{"start":{"line":31,"column":2},"end":{"line":31,"column":3}},"loc":{"start":{"line":31,"column":38},"end":{"line":79,"column":3}},"line":31},"2":{"name":"(anonymous_2)","decl":{"start":{"line":81,"column":2},"end":{"line":81,"column":3}},"loc":{"start":{"line":81,"column":38},"end":{"line":131,"column":3}},"line":81}},"branchMap":{"0":{"loc":{"start":{"line":12,"column":6},"end":{"line":14,"column":7}},"type":"if","locations":[{"start":{"line":12,"column":6},"end":{"line":14,"column":7}},{"start":{},"end":{}}],"line":12},"1":{"loc":{"start":{"line":36,"column":6},"end":{"line":44,"column":7}},"type":"if","locations":[{"start":{"line":36,"column":6},"end":{"line":44,"column":7}},{"start":{},"end":{}}],"line":36},"2":{"loc":{"start":{"line":46,"column":6},"end":{"line":52,"column":7}},"type":"if","locations":[{"start":{"line":46,"column":6},"end":{"line":52,"column":7}},{"start":{},"end":{}}],"line":46},"3":{"loc":{"start":{"line":60,"column":22},"end":{"line":60,"column":43}},"type":"binary-expr","locations":[{"start":{"line":60,"column":22},"end":{"line":60,"column":34}},{"start":{"line":60,"column":38},"end":{"line":60,"column":43}}],"line":60},"4":{"loc":{"start":{"line":64,"column":19},"end":{"line":64,"column":48}},"type":"cond-expr","locations":[{"start":{"line":64,"column":30},"end":{"line":64,"column":41}},{"start":{"line":64,"column":44},"end":{"line":64,"column":48}}],"line":64},"5":{"loc":{"start":{"line":87,"column":6},"end":{"line":95,"column":7}},"type":"if","locations":[{"start":{"line":87,"column":6},"end":{"line":95,"column":7}},{"start":{},"end":{}}],"line":87},"6":{"loc":{"start":{"line":99,"column":6},"end":{"line":104,"column":7}},"type":"if","locations":[{"start":{"line":99,"column":6},"end":{"line":104,"column":7}},{"start":{},"end":{}}],"line":99},"7":{"loc":{"start":{"line":106,"column":6},"end":{"line":106,"column":54}},"type":"if","locations":[{"start":{"line":106,"column":6},"end":{"line":106,"column":54}},{"start":{},"end":{}}],"line":106},"8":{"loc":{"start":{"line":107,"column":6},"end":{"line":107,"column":72}},"type":"if","locations":[{"start":{"line":107,"column":6},"end":{"line":107,"column":72}},{"start":{},"end":{}}],"line":107},"9":{"loc":{"start":{"line":108,"column":6},"end":{"line":108,"column":63}},"type":"if","locations":[{"start":{"line":108,"column":6},"end":{"line":108,"column":63}},{"start":{},"end":{}}],"line":108},"10":{"loc":{"start":{"line":109,"column":6},"end":{"line":109,"column":87}},"type":"if","locations":[{"start":{"line":109,"column":6},"end":{"line":109,"column":87}},{"start":{},"end":{}}],"line":109},"11":{"loc":{"start":{"line":110,"column":6},"end":{"line":110,"column":72}},"type":"if","locations":[{"start":{"line":110,"column":6},"end":{"line":110,"column":72}},{"start":{},"end":{}}],"line":110},"12":{"loc":{"start":{"line":115,"column":19},"end":{"line":115,"column":48}},"type":"cond-expr","locations":[{"start":{"line":115,"column":30},"end":{"line":115,"column":41}},{"start":{"line":115,"column":44},"end":{"line":115,"column":48}}],"line":115}},"s":{"0":10,"1":10,"2":1,"3":1,"4":1,"5":1,"6":1,"7":1,"8":1,"9":0,"10":1,"11":1,"12":1,"13":1,"14":0,"15":1,"16":1,"17":1,"18":1,"19":1,"20":0,"21":0,"22":0,"23":0,"24":0,"25":0,"26":0,"27":0,"28":0,"29":0,"30":0,"31":0,"32":0,"33":0,"34":0,"35":0,"36":0,"37":0,"38":0,"39":0,"40":0,"41":0,"42":0,"43":0,"44":10},"f":{"0":1,"1":1,"2":0},"b":{"0":[1,0],"1":[0,1],"2":[1,0],"3":[1,0],"4":[1,0],"5":[0,0],"6":[0,0],"7":[0,0],"8":[0,0],"9":[0,0],"10":[0,0],"11":[0,0],"12":[0,0]},"_coverageSchema":"1a1c01bbd47fc00a2c39e90264f33305004495a9","hash":"d9e571d888d99578b81a3fd69933425d2c9da127"}
,"C:\\Users\\Erick\\Desktop\\Fundacion Rompiendo Paradigmas\\crm-becas\\backend\\src\\controllers\\documentoController.js": {"path":"C:\\Users\\Erick\\Desktop\\Fundacion Rompiendo Paradigmas\\crm-becas\\backend\\src\\controllers\\documentoController.js","statementMap":{"0":{"start":{"line":1,"column":31},"end":{"line":1,"column":51}},"1":{"start":{"line":2,"column":11},"end":{"line":2,"column":24}},"2":{"start":{"line":3,"column":13},"end":{"line":3,"column":28}},"3":{"start":{"line":4,"column":21},"end":{"line":4,"column":56}},"4":{"start":{"line":15,"column":4},"end":{"line":70,"column":5}},"5":{"start":{"line":16,"column":6},"end":{"line":21,"column":7}},"6":{"start":{"line":17,"column":8},"end":{"line":20,"column":11}},"7":{"start":{"line":23,"column":64},"end":{"line":23,"column":72}},"8":{"start":{"line":25,"column":6},"end":{"line":32,"column":7}},"9":{"start":{"line":27,"column":8},"end":{"line":27,"column":37}},"10":{"start":{"line":28,"column":8},"end":{"line":31,"column":11}},"11":{"start":{"line":34,"column":22},"end":{"line":34,"column":56}},"12":{"start":{"line":35,"column":6},"end":{"line":41,"column":7}},"13":{"start":{"line":36,"column":8},"end":{"line":36,"column":37}},"14":{"start":{"line":37,"column":8},"end":{"line":40,"column":11}},"15":{"start":{"line":43,"column":24},"end":{"line":50,"column":8}},"16":{"start":{"line":52,"column":6},"end":{"line":58,"column":9}},"17":{"start":{"line":60,"column":6},"end":{"line":64,"column":9}},"18":{"start":{"line":66,"column":6},"end":{"line":68,"column":7}},"19":{"start":{"line":67,"column":8},"end":{"line":67,"column":37}},"20":{"start":{"line":69,"column":6},"end":{"line":69,"column":18}},"21":{"start":{"line":78,"column":4},"end":{"line":98,"column":5}},"22":{"start":{"line":79,"column":21},"end":{"line":79,"column":31}},"23":{"start":{"line":81,"column":24},"end":{"line":83,"column":8}},"24":{"start":{"line":85,"column":6},"end":{"line":90,"column":7}},"25":{"start":{"line":86,"column":8},"end":{"line":89,"column":11}},"26":{"start":{"line":92,"column":6},"end":{"line":95,"column":9}},"27":{"start":{"line":97,"column":6},"end":{"line":97,"column":18}},"28":{"start":{"line":106,"column":4},"end":{"line":141,"column":5}},"29":{"start":{"line":107,"column":21},"end":{"line":107,"column":31}},"30":{"start":{"line":109,"column":24},"end":{"line":109,"column":52}},"31":{"start":{"line":110,"column":6},"end":{"line":115,"column":7}},"32":{"start":{"line":111,"column":8},"end":{"line":114,"column":11}},"33":{"start":{"line":117,"column":27},"end":{"line":117,"column":45}},"34":{"start":{"line":120,"column":23},"end":{"line":120,"column":94}},"35":{"start":{"line":121,"column":6},"end":{"line":123,"column":7}},"36":{"start":{"line":122,"column":8},"end":{"line":122,"column":32}},"37":{"start":{"line":125,"column":6},"end":{"line":125,"column":32}},"38":{"start":{"line":127,"column":6},"end":{"line":133,"column":9}},"39":{"start":{"line":135,"column":6},"end":{"line":138,"column":9}},"40":{"start":{"line":140,"column":6},"end":{"line":140,"column":18}},"41":{"start":{"line":149,"column":4},"end":{"line":163,"column":5}},"42":{"start":{"line":150,"column":21},"end":{"line":150,"column":31}},"43":{"start":{"line":152,"column":25},"end":{"line":155,"column":8}},"44":{"start":{"line":157,"column":6},"end":{"line":160,"column":9}},"45":{"start":{"line":162,"column":6},"end":{"line":162,"column":18}},"46":{"start":{"line":167,"column":0},"end":{"line":167,"column":37}}},"fnMap":{"0":{"name":"(anonymous_0)","decl":{"start":{"line":14,"column":2},"end":{"line":14,"column":3}},"loc":{"start":{"line":14,"column":38},"end":{"line":71,"column":3}},"line":14},"1":{"name":"(anonymous_1)","decl":{"start":{"line":77,"column":2},"end":{"line":77,"column":3}},"loc":{"start":{"line":77,"column":39},"end":{"line":99,"column":3}},"line":77},"2":{"name":"(anonymous_2)","decl":{"start":{"line":105,"column":2},"end":{"line":105,"column":3}},"loc":{"start":{"line":105,"column":38},"end":{"line":142,"column":3}},"line":105},"3":{"name":"(anonymous_3)","decl":{"start":{"line":148,"column":2},"end":{"line":148,"column":3}},"loc":{"start":{"line":148,"column":45},"end":{"line":164,"column":3}},"line":148}},"branchMap":{"0":{"loc":{"start":{"line":16,"column":6},"end":{"line":21,"column":7}},"type":"if","locations":[{"start":{"line":16,"column":6},"end":{"line":21,"column":7}},{"start":{},"end":{}}],"line":16},"1":{"loc":{"start":{"line":25,"column":6},"end":{"line":32,"column":7}},"type":"if","locations":[{"start":{"line":25,"column":6},"end":{"line":32,"column":7}},{"start":{},"end":{}}],"line":25},"2":{"loc":{"start":{"line":35,"column":6},"end":{"line":41,"column":7}},"type":"if","locations":[{"start":{"line":35,"column":6},"end":{"line":41,"column":7}},{"start":{},"end":{}}],"line":35},"3":{"loc":{"start":{"line":45,"column":24},"end":{"line":45,"column":48}},"type":"binary-expr","locations":[{"start":{"line":45,"column":24},"end":{"line":45,"column":38}},{"start":{"line":45,"column":42},"end":{"line":45,"column":48}}],"line":45},"4":{"loc":{"start":{"line":49,"column":27},"end":{"line":49,"column":52}},"type":"binary-expr","locations":[{"start":{"line":49,"column":27},"end":{"line":49,"column":44}},{"start":{"line":49,"column":48},"end":{"line":49,"column":52}}],"line":49},"5":{"loc":{"start":{"line":53,"column":19},"end":{"line":53,"column":48}},"type":"cond-expr","locations":[{"start":{"line":53,"column":30},"end":{"line":53,"column":41}},{"start":{"line":53,"column":44},"end":{"line":53,"column":48}}],"line":53},"6":{"loc":{"start":{"line":66,"column":6},"end":{"line":68,"column":7}},"type":"if","locations":[{"start":{"line":66,"column":6},"end":{"line":68,"column":7}},{"start":{},"end":{}}],"line":66},"7":{"loc":{"start":{"line":66,"column":10},"end":{"line":66,"column":50}},"type":"binary-expr","locations":[{"start":{"line":66,"column":10},"end":{"line":66,"column":18}},{"start":{"line":66,"column":22},"end":{"line":66,"column":50}}],"line":66},"8":{"loc":{"start":{"line":85,"column":6},"end":{"line":90,"column":7}},"type":"if","locations":[{"start":{"line":85,"column":6},"end":{"line":90,"column":7}},{"start":{},"end":{}}],"line":85},"9":{"loc":{"start":{"line":110,"column":6},"end":{"line":115,"column":7}},"type":"if","locations":[{"start":{"line":110,"column":6},"end":{"line":115,"column":7}},{"start":{},"end":{}}],"line":110},"10":{"loc":{"start":{"line":121,"column":6},"end":{"line":123,"column":7}},"type":"if","locations":[{"start":{"line":121,"column":6},"end":{"line":123,"column":7}},{"start":{},"end":{}}],"line":121},"11":{"loc":{"start":{"line":128,"column":19},"end":{"line":128,"column":48}},"type":"cond-expr","locations":[{"start":{"line":128,"column":30},"end":{"line":128,"column":41}},{"start":{"line":128,"column":44},"end":{"line":128,"column":48}}],"line":128}},"s":{"0":10,"1":10,"2":10,"3":10,"4":1,"5":1,"6":0,"7":1,"8":1,"9":0,"10":0,"11":1,"12":1,"13":0,"14":0,"15":1,"16":1,"17":1,"18":0,"19":0,"20":0,"21":0,"22":0,"23":0,"24":0,"25":0,"26":0,"27":0,"28":1,"29":1,"30":1,"31":1,"32":0,"33":1,"34":1,"35":1,"36":1,"37":1,"38":1,"39":1,"40":0,"41":1,"42":1,"43":1,"44":1,"45":0,"46":10},"f":{"0":1,"1":0,"2":1,"3":1},"b":{"0":[0,1],"1":[0,1],"2":[0,1],"3":[1,0],"4":[1,1],"5":[1,0],"6":[0,0],"7":[0,0],"8":[0,0],"9":[0,1],"10":[1,0],"11":[1,0]},"_coverageSchema":"1a1c01bbd47fc00a2c39e90264f33305004495a9","hash":"a27c83d1ccb0b5ab656f9da98a5d28f660047570"}
,"C:\\Users\\Erick\\Desktop\\Fundacion Rompiendo Paradigmas\\crm-becas\\backend\\src\\controllers\\institucionController.js": {"path":"C:\\Users\\Erick\\Desktop\\Fundacion Rompiendo Paradigmas\\crm-becas\\backend\\src\\controllers\\institucionController.js","statementMap":{"0":{"start":{"line":1,"column":39},"end":{"line":1,"column":59}},"1":{"start":{"line":2,"column":21},"end":{"line":2,"column":56}},"2":{"start":{"line":3,"column":23},"end":{"line":3,"column":60}},"3":{"start":{"line":10,"column":4},"end":{"line":21,"column":5}},"4":{"start":{"line":11,"column":28},"end":{"line":13,"column":8}},"5":{"start":{"line":15,"column":6},"end":{"line":18,"column":9}},"6":{"start":{"line":20,"column":6},"end":{"line":20,"column":18}},"7":{"start":{"line":25,"column":4},"end":{"line":51,"column":5}},"8":{"start":{"line":26,"column":60},"end":{"line":26,"column":68}},"9":{"start":{"line":28,"column":26},"end":{"line":34,"column":8}},"10":{"start":{"line":36,"column":6},"end":{"line":42,"column":9}},"11":{"start":{"line":44,"column":6},"end":{"line":48,"column":9}},"12":{"start":{"line":50,"column":6},"end":{"line":50,"column":18}},"13":{"start":{"line":55,"column":4},"end":{"line":93,"column":5}},"14":{"start":{"line":56,"column":21},"end":{"line":56,"column":31}},"15":{"start":{"line":57,"column":60},"end":{"line":57,"column":68}},"16":{"start":{"line":59,"column":26},"end":{"line":59,"column":63}},"17":{"start":{"line":60,"column":6},"end":{"line":65,"column":7}},"18":{"start":{"line":61,"column":8},"end":{"line":64,"column":11}},"19":{"start":{"line":67,"column":27},"end":{"line":67,"column":47}},"20":{"start":{"line":69,"column":6},"end":{"line":69,"column":60}},"21":{"start":{"line":69,"column":32},"end":{"line":69,"column":60}},"22":{"start":{"line":70,"column":6},"end":{"line":70,"column":66}},"23":{"start":{"line":70,"column":34},"end":{"line":70,"column":66}},"24":{"start":{"line":71,"column":6},"end":{"line":71,"column":66}},"25":{"start":{"line":71,"column":34},"end":{"line":71,"column":66}},"26":{"start":{"line":72,"column":6},"end":{"line":72,"column":57}},"27":{"start":{"line":72,"column":31},"end":{"line":72,"column":57}},"28":{"start":{"line":73,"column":6},"end":{"line":73,"column":60}},"29":{"start":{"line":73,"column":32},"end":{"line":73,"column":60}},"30":{"start":{"line":
[...]
,"C:\\Users\\Erick\\Desktop\\Fundacion Rompiendo Paradigmas\\crm-becas\\backend\\src\\services\\auditService.js": {"path":"C:\\Users\\Erick\\Desktop\\Fundacion Rompiendo Paradigmas\\crm-becas\\backend\\src\\services\\auditService.js","statementMap":{"0":{"start":{"line":1,"column":22},"end":{"line":1,"column":42}},"1":{"start":{"line":8,"column":4},"end":{"line":8,"column":33}},"2":{"start":{"line":8,"column":14},"end":{"line":8,"column":33}},"3":{"start":{"line":9,"column":22},"end":{"line":9,"column":52}},"4":{"start":{"line":10,"column":4},"end":{"line":12,"column":5}},"5":{"start":{"line":11,"column":6},"end":{"line":11,"column":44}},"6":{"start":{"line":13,"column":4},"end":{"line":13,"column":62}},"7":{"start":{"line":17,"column":4},"end":{"line":30,"column":5}},"8":{"start":{"line":18,"column":6},"end":{"line":27,"column":9}},"9":{"start":{"line":29,"column":6},"end":{"line":29,"column":64}},"10":{"start":{"line":34,"column":4},"end":{"line":47,"column":5}},"11":{"start":{"line":35,"column":6},"end":{"line":44,"column":9}},"12":{"start":{"line":46,"column":6},"end":{"line":46,"column":64}},"13":{"start":{"line":51,"column":4},"end":{"line":64,"column":5}},"14":{"start":{"line":52,"column":6},"end":{"line":61,"column":9}},"15":{"start":{"line":63,"column":6},"end":{"line":63,"column":64}},"16":{"start":{"line":68,"column":4},"end":{"line":81,"column":5}},"17":{"start":{"line":69,"column":6},"end":{"line":78,"column":9}},"18":{"start":{"line":80,"column":6},"end":{"line":80,"column":63}},"19":{"start":{"line":85,"column":0},"end":{"line":85,"column":30}}},"fnMap":{"0":{"name":"(anonymous_0)","decl":{"start":{"line":7,"column":2},"end":{"line":7,"column":3}},"loc":{"start":{"line":7,"column":26},"end":{"line":14,"column":3}},"line":7},"1":{"name":"(anonymous_1)","decl":{"start":{"line":16,"column":2},"end":{"line":16,"column":3}},"loc":{"start":{"line":16,"column":78},"end":{"line":31,"column":3}},"line":16},"2":{"name":"(anonymous_2)","decl":{"start":{"line":33,"column":2},"end":{"line":33,"column":3}},"loc":{"start":{"line":33,"column":92},"end":{"line":48,"column":3}},"line":33},"3":{"name":"(anonymous_3)","decl":{"start":{"line":50,"column":2},"end":{"line":50,"column":3}},"loc":{"start":{"line":50,"column":79},"end":{"line":65,"column":3}},"line":50},"4":{"name":"(anonymous_4)","decl":{"start":{"line":67,"column":2},"end":{"line":67,"column":3}},"loc":{"start":{"line":67,"column":70},"end":{"line":82,"column":3}},"line":67}},"branchMap":{"0":{"loc":{"start":{"line":8,"column":4},"end":{"line":8,"column":33}},"type":"if","locations":[{"start":{"line":8,"column":4},"end":{"line":8,"column":33}},{"start":{},"end":{}}],"line":8},"1":{"loc":{"start":{"line":10,"column":4},"end":{"line":12,"column":5}},"type":"if","locations":[{"start":{"line":10,"column":4},"end":{"line":12,"column":5}},{"start":{},"end":{}}],"line":10},"2":{"loc":{"start":{"line":13,"column":11},"end":{"line":13,"column":61}},"type":"binary-expr","locations":[{"start":{"line":13,"column":11},"end":{"line":13,"column":36}},{"start":{"line":13,"column":40},"end":{"line":13,"column":46}},{"start":{"line":13,"column":50},"end":{"line":13,"column":61}}],"line":13},"3":{"loc":{"start":{"line":19,"column":20},"end":{"line":19,"column":37}},"type":"binary-expr","locations":[{"start":{"line":19,"column":20},"end":{"line":19,"column":29}},{"start":{"line":19,"column":33},"end":{"line":19,"column":37}}],"line":19},"4":{"loc":{"start":{"line":24,"column":22},"end":{"line":24,"column":41}},"type":"binary-expr","locations":[{"start":{"line":24,"column":22},"end":{"line":24,"column":33}},{"start":{"line":24,"column":37},"end":{"line":24,"column":41}}],"line":24},"5":{"loc":{"start":{"line":36,"column":20},"end":{"line":36,"column":37}},"type":"binary-expr","locations":[{"start":{"line":36,"column":20},"end":{"line":36,"column":29}},{"start":{"line":36,"column":33},"end":{"line":36,"column":37}}],"line":36},"6":{"loc":{"start":{"line":40,"column":23},"end":{"line":40,"column":43}},"type":"binary-expr","locations":[{"start":{"line":40,"column":23},"end":{"line":40,"column":35}},{"start":{"line":40,"column":39},"end":{"line":40,"column":43}}],"line":40},"7":{"loc":{"start":{"line":41,"column":22},"end":{"line":41,"column":41}},"type":"binary-expr","locations":[{"start":{"line":41,"column":22},"end":{"line":41,"column":33}},{"start":{"line":41,"column":37},"end":{"line":41,"column":41}}],"line":41},"8":{"loc":{"start":{"line":53,"column":20},"end":{"line":53,"column":37}},"type":"binary-expr","locations":[{"start":{"line":53,"column":20},"end":{"line":53,"column":29}},{"start":{"line":53,"column":33},"end":{"line":53,"column":37}}],"line":53},"9":{"loc":{"start":{"line":57,"column":23},"end":{"line":57,"column":43}},"type":"binary-expr","locations":[{"start":{"line":57,"column":23},"end":{"line":57,"column":35}},{"start":{"line":57,"column":39},"end":{"line":57,"column":43}}],"line":57},"10":{"loc":{"start":{"line":67,"column":52},"end":{"line":67,"column":66}},"type":"default-arg","locations":[{"start":{"line":67,"column":62},"end":{"line":67,"column":66}}],"line":67},"11":{"loc":{"start":{"line":70,"column":20},"end":{"line":70,"column":37}},"type":"binary-expr","locations":[{"start":{"line":70,"column":20},"end":{"line":70,"column":29}},{"start":{"line":70,"column":33},"end":{"line":70,"column":37}}],"line":70},"12":{"loc":{"start":{"line":73,"column":20},"end":{"line":73,"column":37}},"type":"binary-expr","locations":[{"start":{"line":73,"column":20},"end":{"line":73,"column":29}},{"start":{"line":73,"column":33},"end":{"line":73,"column":37}}],"line":73}},"s":{"0":10,"1":44,"2":0,"3":44,"4":44,"5":0,"6":44,"7":17,"8":17,"9":0,"10":7,"11":7,"12":0,"13":6,"14":6,"15":0,"16":14,"17":14,"18":0,"19":10},"f":{"0":44,"1":17,"2":7,"3":6,"4":14},"b":{"0":[0,44],"1":[0,44],"2":[44,0,0],"3":[17,0],"4":[17,0],"5":[7,0],"6":[7,0],"7":[7,0],"8":[6,0],"9":[6,0],"10":[0],"11":[14,1],"12":[14,1]},"_coverageSchema":"1a1c01bbd47fc00a2c39e90264f33305004495a9","hash":"1b8dc4ab8abf15025e9e86b492bfe97d48f3be24"}
,"C:\\Users\\Erick\\Desktop\\Fundacion Rompiendo Paradigmas\\crm-becas\\backend\\src\\services\\becarioService.js": {"path":"C:\\Users\\Erick\\Desktop\\Fundacion Rompiendo Paradigmas\\crm-becas\\backend\\src\\services\\becarioService.js","statementMap":{"0":{"start":{"line":1,"column":36},"end":{"line":1,"column":56}},"1":{"start":{"line":12,"column":21},"end":{"line":15,"column":6}},"2":{"start":{"line":17,"column":27},"end":{"line":17,"column":104}},"3":{"start":{"line":17,"column":48},"end":{"line":17,"column":103}},"4":{"start":{"line":19,"column":4},"end":{"line":22,"column":5}},"5":{"start":{"line":20,"column":6},"end":{"line":20,"column":98}},"6":{"start":{"line":21,"column":6},"end":{"line":21,"column":18}},"7":{"start":{"line":24,"column":21},"end":{"line":24,"column":97}},"8":{"start":{"line":24,"column":58},"end":{"line":24,"column":93}},"9":{"start":{"line":25,"column":20},"end":{"line":25,"column":77}},"10":{"start":{"line":27,"column":4},"end":{"line":27,"column":99}},"11":{"start":{"line":28,"column":4},"end":{"line":28,"column":19}},"12":{"start":{"line":32,"column":0},"end":{"line":32,"column":32}}},"fnMap":{"0":{"name":"(anonymous_0)","decl":{"start":{"line":11,"column":2},"end":{"line":11,"column":3}},"loc":{"start":{"line":11,"column":68},"end":{"line":29,"column":3}},"line":11},"1":{"name":"(anonymous_1)","decl":{"start":{"line":17,"column":43},"end":{"line":17,"column":44}},"loc":{"start":{"line":17,"column":48},"end":{"line":17,"column":103}},"line":17},"2":{"name":"(anonymous_2)","decl":{"start":{"line":24,"column":43},"end":{"line":24,"column":44}},"loc":{"start":{"line":24,"column":58},"end":{"line":24,"column":93}},"line":24}},"branchMap":{"0":{"loc":{"start":{"line":11,"column":48},"end":{"line":11,"column":66}},"type":"default-arg","locations":[{"start":{"line":11,"column":62},"end":{"line":11,"column":66}}],"line":11},"1":{"loc":{"start":{"line":17,"column":48},"end":{"line":17,"column":103}},"type":"binary-expr","locations":[{"start":{"line":17,"column":48},"end":{"line":17,"column":71}},{"start":{"line":17,"column":75},"end":{"line":17,"column":103}}],"line":17},"2":{"loc":{"start":{"line":19,"column":4},"end":{"line":22,"column":5}},"type":"if","locations":[{"start":{"line":19,"column":4},"end":{"line":22,"column":5}},{"start":{},"end":{}}],"line":19}},"s":{"0":10,"1":1,"2":1,"3":1,"4":1,"5":0,"6":0,"7":1,"8":1,"9":1,"10":1,"11":1,"12":10},"f":{"0":1,"1":1,"2":1},"b":{"0":[0],"1":[1,1],"2":[0,1]},"_coverageSchema":"1a1c01bbd47fc00a2c39e90264f33305004495a9","hash":"43cc9a214e51bc8b2fcd00550b126853bcfb1d0b"}
,"C:\\Users\\Erick\\Desktop\\Fundacion Rompiendo Paradigmas\\crm-becas\\backend\\src\\services\\padrinoService.js": {"path":"C:\\Users\\Erick\\Desktop\\Fundacion Rompiendo Paradigmas\\crm-becas\\backend\\src\\services\\padrinoService.js","statementMap":{"0":{"start":{"line":1,"column":19},"end":{"line":1,"column":39}},"1":{"start":{"line":11,"column":19},"end":{"line":13,"column":6}},"2":{"start":{"line":14,"column":4},"end":{"line":14,"column":46}},"3":{"start":{"line":21,"column":19},"end":{"line":23,"column":6}},"4":{"start":{"line":24,"column":4},"end":{"line":24,"column":46}},"5":{"start":{"line":28,"column":0},"end":{"line":28,"column":32}}},"fnMap":{"0":{"name":"(anonymous_0)","decl":{"start":{"line":10,"column":2},"end":{"line":10,"column":3}},"loc":{"start":{"line":10,"column":50},"end":{"line":15,"column":3}},"line":10},"1":{"name":"(anonymous_1)","decl":{"start":{"line":20,"column":2},"end":{"line":20,"column":3}},"loc":{"start":{"line":20,"column":58},"end":{"line":25,"column":3}},"line":20}},"branchMap":{"0":{"loc":{"start":{"line":14,"column":22},"end":{"line":14,"column":33}},"type":"binary-expr","locations":[{"start":{"line":14,"column":22},"end":{"line":14,"column":28}},{"start":{"line":14,"column":32},"end":{"line":14,"column":33}}],"line":14},"1":{"loc":{"start":{"line":24,"column":22},"end":{"line":24,"column":33}},"type":"binary-expr","locations":[{"start":{"line":24,"column":22},"end":{"line":24,"column":28}},{"start":{"line":24,"column":32},"end":{"line":24,"column":33}}],"line":24}},"s":{"0":10,"1":2,"2":2,"3":0,"4":0,"5":10},"f":{"0":2,"1":0},"b":{"0":[2,0],"1":[0,0]},"_coverageSchema":"1a1c01bbd47fc00a2c39e90264f33305004495a9","hash":"dd74b70ab032f1b1e3d0ef7239731fd4023f6049"}
,"C:\\Users\\Erick\\Desktop\\Fundacion Rompiendo Paradigmas\\crm-becas\\backend\\src\\services\\pagoService.js": {"path":"C:\\Users\\Erick\\Desktop\\Fundacion Rompiendo Paradigmas\\crm-becas\\backend\\src\\services\\pagoService.js","statementMap":{"0":{"start":{"line":1,"column":41},"end":{"line":1,"column":61}},"1":{"start":{"line":2,"column":15},"end":{"line":2,"column":35}},"2":{"start":{"line":12,"column":18},"end":{"line":12,"column":56}},"3":{"start":{"line":14,"column":27},"end":{"line":22,"column":5}},"4":{"start":{"line":24,"column":4},"end":{"line":24,"column":24}},"5":{"start":{"line":31,"column":18},"end":{"line":31,"column":28}},"6":{"start":{"line":32,"column":20},"end":{"line":32,"column":46}},"7":{"start":{"line":33,"column":21},"end":{"line":33,"column":36}},"8":{"start":{"line":34,"column":21},"end":{"line":34,"column":64}},"9":{"start":{"line":35,"column":4},"end":{"line":35,"column":39}},"10":{"start":{"line":42,"column":17},"end":{"line":42,"column":36}},"11":{"start":{"line":43,"column":17},"end":{"line":43,"column":35}},"12":{"start":{"line":44,"column":16},"end":{"line":44,"column":35}},"13":{"start":{"line":46,"column":26},"end":{"line":54,"column":6}},"14":{"start":{"line":56,"column":24},"end":{"line":56,"column":83}},"15":{"start":{"line":57,"column":4},"end":{"line":57,"column":46}},"16":{"start":{"line":58,"column":4},"end":{"line":58,"column":44}},"17":{"start":{"line":60,"column":4},"end":{"line":60,"column":23}},"18":{"start":{"line":64,"column":0},"end":{"line":64,"column":29}}},"fnMap":{"0":{"name":"(anonymous_0)","decl":{"start":{"line":11,"column":2},"end":{"line":11,"column":3}},"loc":{"start":{"line":11,"column":45},"end":{"line":25,"column":3}},"line":11},"1":{"name":"(anonymous_1)","decl":{"start":{"line":30,"column":2},"end":{"line":30,"column":3}},"loc":{"start":{"line":30,"column":48},"end":{"line":36,"column":3}},"line":30},"2":{"name":"(anonymous_2)","decl":{"start":{"line":41,"column":2},"end":{"line":41,"column":3}},"loc":{"start":{"line":41,"column":80},"end":{"line":61,"column":3}},"line":41}},"branchMap":{"0":{"loc":{"start":{"line":35,"column":11},"end":{"line":35,"column":38}},"type":"cond-expr","locations":[{"start":{"line":35,"column":26},"end":{"line":35,"column":34}},{"start":{"line":35,"column":37},"end":{"line":35,"column":38}}],"line":35},"1":{"loc":{"start":{"line":41,"column":60},"end":{"line":41,"column":78}},"type":"default-arg","locations":[{"start":{"line":41,"column":74},"end":{"line":41,"column":78}}],"line":41}},"s":{"0":10,"1":10,"2":2,"3":2,"4":2,"5":2,"6":2,"7":2,"8":2,"9":2,"10":1,"11":1,"12":1,"13":1,"14":1,"15":1,"16":1,"17":1,"18":10},"f":{"0":2,"1":2,"2":1},"b":{"0":[2,0],"1":[1]},"_coverageSchema":"1a1c01bbd47fc00a2c39e90264f33305004495a9","hash":"e06681158f3e5700fb01f43d87787b0241061de7"}
,"C:\\Users\\Erick\\Desktop\\Fundacion Rompiendo Paradigmas\\crm-becas\\backend\\src\\services\\presupuestoService.js": {"path":"C:\\Users\\Erick\\Desktop\\Fundacion Rompiendo Paradigmas\\crm-becas\\backend\\src\\services\\presupuestoService.js","statementMap":{"0":{"start":{"line":1,"column":24},"end":{"line":1,"column":44}},"1":{"start":{"line":11,"column":18},"end":{"line":11,"column":20}},"2":{"start":{"line":12,"column":4},"end":{"line":12,"column":32}},"3":{"start":{"line":12,"column":14},"end":{"line":12,"column":32}},"4":{"start":{"line":13,"column":4},"end":{"line":13,"column":29}},"5":{"start":{"line":13,"column":13},"end":{"line":13,"column":29}},"6":{"start":{"line":15,"column":25},"end":{"line":18,"column":6}},"7":{"start":{"line":20,"column":19},"end":{"line":31,"column":6}},"8":{"start":{"line":21,"column":23},"end":{"line":21,"column":51}},"9":{"start":{"line":22,"column":24},"end":{"line":22,"column":53}},"10":{"start":{"line":23,"column":25},"end":{"line":23,"column":45}},"11":{"start":{"line":24,"column":34},"end":{"line":24,"column":109}},"12":{"start":{"line":26,"column":6},"end":{"line":30,"column":8}},"13":{"start":{"line":33,"column":4},"end":{"line":33,"column":18}},"14":{"start":{"line":37,"column":0},"end":{"line":37,"column":36}}},"fnMap":{"0":{"name":"(anonymous_0)","decl":{"start":{"line":10,"column":2},"end":{"line":10,"column":3}},"loc":{"start":{"line":10,"column":53},"end":{"line":34,"column":3}},"line":10},"1":{"name":"(anonymous_1)","decl":{"start":{"line":20,"column":36},"end":{"line":20,"column":37}},"loc":{"start":{"line":20,"column":41},"end":{"line":31,"column":5}},"line":20}},"branchMap":{"0":{"loc":{"start":{"line":12,"column":4},"end":{"line":12,"column":32}},"type":"if","locations":[{"start":{"line":12,"column":4},"end":{"line":12,"column":32}},{"start":{},"end":{}}],"line":12},"1":{"loc":{"start":{"line":13,"column":4},"end":{"line":13,"column":29}},"type":"if","locations":[{"start":{"line":13,"column":4},"end":{"line":13,"column":29}},{"start":{},"end":{}}],"line":13},"2":{"loc":{"start":{"line":24,"column":34},"end":{"line":24,"column":109}},"type":"cond-expr","locations":[{"start":{"line":24,"column":49},"end":{"line":24,"column":102}},{"start":{"line":24,"column":105},"end":{"line":24,"column":109}}],"line":24}},"s":{"0":10,"1":1,"2":1,"3":1,"4":1,"5":0,"6":1,"7":1,"8":1,"9":1,"10":1,"11":1,"12":1,"13":1,"14":10},"f":{"0":1,"1":1},"b":{"0":[1,0],"1":[0,1],"2":[1,0]},"_coverageSchema":"1a1c01bbd47fc00a2c39e90264f33305004495a9","hash":"98b7aeca2e783cdb733a53e65a106ea81b13c0ac"}
,"C:\\Users\\Erick\\Desktop\\Fundacion Rompiendo Paradigmas\\crm-becas\\backend\\src\\services\\reporteFinancieroService.js": {"path":"C:\\Users\\Erick\\Desktop\\Fundacion Rompiendo Paradigmas\\crm-becas\\backend\\src\\services\\reporteFinancieroService.js","statementMap":{"0":{"start":{"line":1,"column":97},"end":{"line":1,"column":117}},"1":{"start":{"line":2,"column":15},"end":{"line":2,"column":35}},"2":{"start":{"line":12,"column":32},"end":{"line":12,"column":62}},"3":{"start":{"line":13,"column":34},"end":{"line":13,"column":95}},"4":{"start":{"line":14,"column":35},"end":{"line":14,"column":78}},"5":{"start":{"line":16,"column":26},"end":{"line":16,"column":57}},"6":{"start":{"line":17,"column":30},"end":{"line":17,"column":63}},"7":{"start":{"line":18,"column":29},"end":{"line":18,"column":63}},"8":{"start":{"line":19,"column":25},"end":{"line":19,"column":61}},"9":{"start":{"line":20,"column":22},"end":{"line":20,"column":50}},"10":{"start":{"line":22,"column":4},"end":{"line":28,"column":6}},"11":{"start":{"line":35,"column":28},"end":{"line":38,"column":6}},"12":{"start":{"line":40,"column":19},"end":{"line":50,"column":7}},"13":{"start":{"line":41,"column":34},"end":{"line":41,"column":103}},"14":{"start":{"line":42,"column":6},"end":{"line":49,"column":8}},"15":{"start":{"line":52,"column":4},"end":{"line":52,"column":18}},"16":{"start":{"line":59,"column":28},"end":{"line":74,"column":6}},"17":{"start":{"line":76,"column":26},"end":{"line":76,"column":96}},"18":{"start":{"line":76,"column":64},"end":{"line":76,"column":92}},"19":{"start":{"line":78,"column":4},"end":{"line":81,"column":6}},"20":{"start":{"line":85,"column":0},"end":{"line":85,"column":42}}},"fnMap":{"0":{"name":"(anonymous_0)","decl":{"start":{"line":11,"column":2},"end":{"line":11,"column":3}},"loc":{"start":{"line":11,"column":38},"end":{"line":29,"column":3}},"line":11},"1":{"name":"(anonymous_1)","decl":{"start":{"line":34,"column":2},"end":{"line":34,"column":3}},"loc":{"start":{"line":34,"column":37},"end":{"line":53,"column":3}},"line":34},"2":{"name":"(anonymous_2)","decl":{"start":{"line":40,"column":57},"end":{"line":40,"column":58}},"loc":{"start":{"line":40,"column":76},"end":{"line":50,"column":5}},"line":40},"3":{"name":"(anonymous_3)","decl":{"start":{"line":58,"column":2},"end":{"line":58,"column":3}},"loc":{"start":{"line":58,"column":36},"end":{"line":82,"column":3}},"line":58},"4":{"name":"(anonymous_4)","decl":{"start":{"line":76,"column":49},"end":{"line":76,"column":50}},"loc":{"start":{"line":76,"column":64},"end":{"line":76,"column":92}},"line":76}},"branchMap":{"0":{"loc":{"start":{"line":12,"column":32},"end":{"line":12,"column":62}},"type":"binary-expr","locations":[{"start":{"line":12,"column":32},"end":{"line":12,"column":57}},{"start":{"line":12,"column":61},"end":{"line":12,"column":62}}],"line":12},"1":{"loc":{"start":{"line":13,"column":34},"end":{"line":13,"column":95}},"type":"binary-expr","locations":[{"start":{"line":13,"column":34},"end":{"line":13,"column":90}},{"start":{"line":13,"column":94},"end":{"line":13,"column":95}}],"line":13},"2":{"loc":{"start":{"line":14,"column":35},"end":{"line":14,"column":78}},"type":"binary-expr","locations":[{"start":{"line":14,"column":35},"end":{"line":14,"column":73}},{"start":{"line":14,"column":77},"end":{"line":14,"column":78}}],"line":14},"3":{"loc":{"start":{"line":41,"column":34},"end":{"line":41,"column":103}},"type":"binary-expr","locations":[{"start":{"line":41,"column":34},"end":{"line":41,"column":98}},{"start":{"line":41,"column":102},"end":{"line":41,"column":103}}],"line":41},"4":{"loc":{"start":{"line":44,"column":16},"end":{"line":44,"column":124}},"type":"cond-expr","locations":[{"start":{"line":44,"column":46},"end":{"line":44,"column":66}},{"start":{"line":44,"column":69},"end":{"line":44,"column":124}}],"line":44}},"s":{"0":10,"1":10,"2":2,"3":2,"4":2,"5":2,"6":2,"7":2,"8":2,"9":2,"10":2,"11":1,"12":1,"13":1,"14":1,"15":1,"16":1,"17":1,"18":0,"19":1,"20":10},"f":{"0":2,"1":1,"2":1,"3":1,"4":0},"b":{"0":[2,0],"1":[2,0],"2":[2,2],"3":[1,0],"4":[0,1]},"_coverageSchema":"1a1c01bbd47fc00a2c39e90264f33305004495a9","hash":"218426f86eab4016c4eb5eb601277b5fa0afe280"}
}
