TN:
SF:src\app.js
FN:47,(anonymous_0)
FNF:1
FNH:0
FNDA:0,(anonymous_0)
DA:1,10
DA:2,10
DA:3,10
DA:4,10
DA:5,10
DA:6,10
DA:7,10
DA:10,10
DA:11,10
DA:12,10
DA:15,10
DA:16,10
DA:17,10
DA:18,10
DA:19,10
DA:22,10
DA:23,10
DA:24,10
DA:27,10
DA:28,10
DA:29,10
DA:31,10
DA:33,10
DA:34,10
DA:35,10
DA:36,10
DA:37,10
DA:39,10
DA:40,0
DA:44,10
DA:47,10
DA:48,0
DA:52,10
DA:53,10
DA:54,10
DA:55,10
DA:58,10
DA:59,10
DA:60,10
DA:61,10
DA:62,10
DA:63,10
DA:66,10
DA:67,10
DA:68,10
DA:71,10
DA:72,10
DA:73,10
DA:76,10
DA:78,10
LF:50
LH:48
BRDA:39,0,0,0
BRDA:39,0,1,10
BRF:2
BRH:1
end_of_record
TN:
SF:src\controllers\aporteController.js
FN:9,(anonymous_0)
FN:55,(anonymous_1)
FN:94,(anonymous_2)
FNF:3
FNH:0
FNDA:0,(anonymous_0)
FNDA:0,(anonymous_1)
FNDA:0,(anonymous_2)
DA:1,10
DA:2,10
DA:3,10
DA:10,0
DA:11,0
DA:12,0
DA:13,0
DA:15,0
DA:17,0
DA:18,0
DA:19,0
DA:21,0
DA:22,0
DA:23,0
DA:24,0
DA:27,0
DA:38,0
DA:51,0
DA:56,0
DA:57,0
DA:58,0
DA:60,0
DA:61,0
DA:62,0
DA:68,0
DA:70,0
DA:71,0
DA:73,0
DA:75,0
DA:84,0
DA:90,0
DA:95,0
DA:96,0
DA:98,0
DA:99,0
DA:100,0
DA:106,0
DA:108,0
DA:110,0
DA:118,0
DA:123,0
DA:128,10
LF:42
LH:4
BRDA:11,0,0,0
BRDA:11,0,1,0
BRDA:12,1,0,0
BRDA:12,1,1,0
BRDA:18,2,0,0
BRDA:18,2,1,0
BRDA:19,3,0,0
BRDA:19,3,1,0
BRDA:21,4,0,0
BRDA:21,4,1,0
BRDA:21,5,0,0
BRDA:21,5,1,0
BRDA:23,6,0,0
BRDA:23,6,1,0
BRDA:24,7,0,0
BRDA:24,7,1,0
BRDA:61,8,0,0
BRDA:61,8,1,0
BRDA:70,9,0,0
BRDA:70,9,1,0
BRDA:71,10,0,0
BRDA:71,10,1,0
BRDA:76,11,0,0
BRDA:76,11,1,0
BRDA:99,12,0,0
BRDA:99,12,1,0
BRDA:111,13,0,0
BRDA:111,13,1,0
BRF:28
BRH:0
end_of_record
TN:
SF:src\controllers\auditController.js
FN:12,(anonymous_0)
FNF:1
FNH:1
FNDA:1,(anonymous_0)
DA:1,10
DA:2,10
DA:13,1
DA:14,1
DA:15,1
DA:16,1
DA:18,1
DA:20,1
DA:22,1
DA:23,0
DA:26,1
DA:27,0
DA:30,1
DA:31,0
DA:34,1
DA:35,0
DA:36,0
DA:37,0
DA:39,0
DA:40,0
DA:44,1
DA:59,1
DA:72,0
DA:77,10
LF:24
LH:15
BRDA:14,0,0,1
BRDA:14,0,1,1
BRDA:15,1,0,1
BRDA:15,1,1,1
BRDA:22,2,0,0
BRDA:22,2,1,1
BRDA:26,3,0,0
BRDA:26,3,1,1
BRDA:30,4,0,0
BRDA:30,4,1,1
BRDA:34,5,0,0
BRDA:34,5,1,1
BRDA:34,6,0,1
BRDA:34,6,1,1
BRDA:36,7,0,0
BRDA:36,7,1,0
BRDA:39,8,0,0
BRDA:39,8,1,0
BRF:18
BRH:10
end_of_record
TN:
SF:src\controllers\authController.js
FN:14,(anonymous_0)
FN:99,(anonymous_1)
FN:179,(anonymous_2)
FN:197,(anonymous_3)
FN:266,(anonymous_4)
FNF:5
FNH:5
FNDA:2,(anonymous_0)
FNDA:14,(anonymous_1)
FNDA:1,(anonymous_2)
FNDA:1,(anonymous_3)
FNDA:1,(anonymous_4)
DA:1,10
DA:2,10
DA:3,10
DA:4,10
DA:15,2
DA:16,2
DA:20,2
DA:23,2
DA:27,2
DA:28,1
DA:29,1
DA:38,1
DA:39,1
DA:40,0
DA:41,0
DA:50,1
DA:60,1
DA:68,1
DA:71,1
DA:79,1
DA:84,1
DA:90,0
DA:91,0
DA:100,14
DA:101,14
DA:103,14
DA:108,14
DA:109,1
DA:110,1
DA:119,13
DA:120,0
DA:121,0
DA:130,13
DA:131,13
DA:132,1
DA:133,1
DA:143,12
DA:144,12
DA:147,12
DA:148,12
DA:150,12
DA:156,12
DA:158,12
DA:159,12
DA:161,12
DA:171,0
DA:180,1
DA:181,1
DA:182,1
DA:184,1
DA:189,0
DA:198,1
DA:199,1
DA:200,1
DA:201,1
DA:202,1
DA:204,1
DA:210,1
DA:211,1
DA:212,1
DA:213,1
DA:214,1
DA:216,1
DA:219,1
DA:220,0
DA:221,0
DA:222,0
DA:223,0
DA:231,0
DA:232,0
DA:235,1
DA:237,1
DA:242,1
DA:251,1
DA:257,0
DA:258,0
DA:267,1
DA:274,10
LF:78
LH:62
BRDA:27,0,0,1
BRDA:27,0,1,1
BRDA:39,1,0,0
BRDA:39,1,1,1
BRDA:64,2,0,1
BRDA:64,2,1,0
BRDA:72,3,0,1
BRDA:72,3,1,0
BRDA:108,4,0,1
BRDA:108,4,1,13
BRDA:119,5,0,0
BRDA:119,5,1,13
BRDA:131,6,0,1
BRDA:131,6,1,12
BRDA:147,7,0,12
BRDA:147,7,1,0
BRDA:148,8,0,12
BRDA:148,8,1,0
BRDA:210,9,0,0
BRDA:210,9,1,1
BRDA:211,10,0,0
BRDA:211,10,1,1
BRDA:212,11,0,1
BRDA:212,11,1,0
BRDA:213,12,0,0
BRDA:213,12,1,1
BRDA:214,13,0,1
BRDA:214,13,1,0
BRDA:219,14,0,0
BRDA:219,14,1,1
BRDA:221,15,0,0
BRDA:221,15,1,0
BRF:32
BRH:18
end_of_record
TN:
SF:src\controllers\becarioController.js
FN:16,(anonymous_0)
FN:84,(anonymous_1)
FN:128,(anonymous_2)
FN:221,(anonymous_3)
FN:300,(anonymous_4)
FN:338,(anonymous_5)
FN:408,(anonymous_6)
FNF:7
FNH:7
FNDA:1,(anonymous_0)
FNDA:2,(anonymous_1)
FNDA:2,(anonymous_2)
FNDA:1,(anonymous_3)
FNDA:1,(anonymous_4)
FNDA:1,(anonymous_5)
FNDA:1,(anonymous_6)
DA:3,10
DA:4,10
DA:5,10
DA:6,10
DA:17,1
DA:18,1
DA:19,1
DA:20,1
DA:22,1
DA:24,1
DA:25,1
DA:27,1
DA:28,1
DA:30,1
DA:31,0
DA:33,1
DA:34,0
DA:37,1
DA:38,0
DA:46,1
DA:63,1
DA:76,0
DA:85,2
DA:86,2
DA:88,2
DA:105,2
DA:106,0
DA:115,2
DA:120,0
DA:129,2
DA:130,2
DA:134,2
DA:137,2
DA:138,2
DA:139,0
DA:140,0
DA:146,2
DA:147,2
DA:148,0
DA:149,0
DA:156,2
DA:159,2
DA:160,1
DA:161,1
DA:167,1
DA:177,1
DA:188,1
DA:190,1
DA:198,1
DA:206,1
DA:212,0
DA:213,0
DA:222,1
DA:223,1
DA:224,1
DA:228,1
DA:230,1
DA:234,1
DA:235,0
DA:236,0
DA:242,1
DA:243,1
DA:246,1
DA:247,1
DA:248,1
DA:249,1
DA:250,1
DA:251,1
DA:252,1
DA:254,1
DA:257,1
DA:258,1
DA:259,1
DA:260,1
DA:261,1
DA:262,1
DA:264,1
DA:266,1
DA:268,1
DA:276,1
DA:285,1
DA:291,0
DA:292,0
DA:301,1
DA:302,1
DA:304,1
DA:305,1
DA:306,0
DA:312,1
DA:314,1
DA:315,1
DA:317,1
DA:325,1
DA:330,0
DA:339,1
DA:340,1
DA:341,1
DA:342,1
DA:344,1
DA:345,1
DA:346,0
DA:347,0
DA:353,1
DA:354,1
DA:355,0
DA:356,0
DA:362,1
DA:363,1
DA:364,1
DA:365,1
DA:367,1
DA:380,1
DA:383,1
DA:385,1
DA:393,1
DA:399,0
DA:400,0
DA:409,1
DA:410,1
DA:411,1
DA:412,1
DA:414,1
DA:418,1
DA:419,0
DA:420,0
DA:426,1
DA:428,1
DA:429,1
DA:430,1
DA:433,0
DA:436,1
DA:439,1
DA:441,1
DA:443,1
DA:452,1
DA:461,0
DA:462,0
DA:467,10
LF:138
LH:109
BRDA:18,0,0,1
BRDA:18,0,1,0
BRDA:19,1,0,1
BRDA:19,1,1,0
BRDA:27,2,0,1
BRDA:27,2,1,0
BRDA:30,3,0,0
BRDA:30,3,1,1
BRDA:33,4,0,0
BRDA:33,4,1,1
BRDA:37,5,0,0
BRDA:37,5,1,1
BRDA:52,6,0,0
BRDA:52,6,1,1
BRDA:105,7,0,0
BRDA:105,7,1,2
BRDA:138,8,0,0
BRDA:138,8,1,2
BRDA:147,9,0,0
BRDA:147,9,1,2
BRDA:159,10,0,1
BRDA:159,10,1,1
BRDA:182,11,0,1
BRDA:182,11,1,1
BRDA:183,12,0,1
BRDA:183,12,1,0
BRDA:184,13,0,1
BRDA:184,13,1,0
BRDA:199,14,0,1
BRDA:199,14,1,0
BRDA:234,15,0,0
BRDA:234,15,1,1
BRDA:246,16,0,0
BRDA:246,16,1,1
BRDA:247,17,0,0
BRDA:247,17,1,1
BRDA:248,18,0,0
BRDA:248,18,1,1
BRDA:249,19,0,0
BRDA:249,19,1,1
BRDA:250,20,0,1
BRDA:250,20,1,0
BRDA:251,21,0,0
BRDA:251,21,1,1
BRDA:252,22,0,0
BRDA:252,22,1,1
BRDA:257,23,0,0
BRDA:257,23,1,1
BRDA:258,24,0,0
BRDA:258,24,1,1
BRDA:259,25,0,0
BRDA:259,25,1,1
BRDA:260,26,0,0
BRDA:260,26,1,1
BRDA:261,27,0,0
BRDA:261,27,1,1
BRDA:262,28,0,1
BRDA:262,28,1,0
BRDA:277,29,0,1
BRDA:277,29,1,0
BRDA:305,30,0,0
BRDA:305,30,1,1
BRDA:318,31,0,1
BRDA:318,31,1,0
BRDA:345,32,0,0
BRDA:345,32,1,1
BRDA:354,33,0,0
BRDA:354,33,1,1
BRDA:365,34,0,0
BRDA:365,34,1,1
BRDA:386,35,0,1
BRDA:386,35,1,0
BRDA:418,36,0,0
BRDA:418,36,1,1
BRDA:429,37,0,1
BRDA:429,37,1,0
BRDA:433,38,0,0
BRDA:433,38,1,0
BRDA:444,39,0,1
BRDA:444,39,1,0
BRF:80
BRH:41
end_of_record
TN:
SF:src\controllers\becarioPadrinoController.js
FN:12,(anonymous_0)
FN:83,(anonymous_1)
FN:130,(anonymous_2)
FNF:3
FNH:3
FNDA:2,(anonymous_0)
FNDA:1,(anonymous_1)
FNDA:1,(anonymous_2)
DA:1,10
DA:2,10
DA:13,2
DA:14,2
DA:15,2
DA:17,2
DA:18,2
DA:19,0
DA:25,2
DA:26,2
DA:27,0
DA:33,2
DA:34,0
DA:41,2
DA:54,2
DA:55,1
DA:61,1
DA:69,1
DA:75,0
DA:84,1
DA:85,1
DA:86,1
DA:88,1
DA:92,1
DA:93,0
DA:99,1
DA:101,1
DA:102,1
DA:103,1
DA:105,1
DA:107,1
DA:116,1
DA:122,0
DA:131,1
DA:132,1
DA:134,1
DA:138,1
DA:139,0
DA:145,1
DA:147,1
DA:148,1
DA:149,1
DA:151,1
DA:159,1
DA:164,0
DA:169,10
LF:46
LH:38
BRDA:18,0,0,0
BRDA:18,0,1,2
BRDA:26,1,0,0
BRDA:26,1,1,2
BRDA:33,2,0,0
BRDA:33,2,1,2
BRDA:48,3,0,2
BRDA:48,3,1,1
BRDA:54,4,0,1
BRDA:54,4,1,1
BRDA:62,5,0,1
BRDA:62,5,1,0
BRDA:92,6,0,0
BRDA:92,6,1,1
BRDA:101,7,0,0
BRDA:101,7,1,1
BRDA:102,8,0,0
BRDA:102,8,1,1
BRDA:103,9,0,1
BRDA:103,9,1,0
BRDA:108,10,0,1
BRDA:108,10,1,0
BRDA:138,11,0,0
BRDA:138,11,1,1
BRDA:152,12,0,1
BRDA:152,12,1,0
BRF:26
BRH:15
end_of_record
TN:
SF:src\controllers\carreraController.js
FN:8,(anonymous_0)
FN:31,(anonymous_1)
FN:70,(anonymous_2)
FN:88,(anonymous_3)
FNF:4
FNH:4
FNDA:1,(anonymous_0)
FNDA:1,(anonymous_1)
FNDA:1,(anonymous_2)
FNDA:1,(anonymous_3)
DA:1,10
DA:2,10
DA:9,1
DA:10,1
DA:11,1
DA:12,1
DA:13,1
DA:16,1
DA:22,1
DA:27,0
DA:32,1
DA:33,1
DA:35,1
DA:36,1
DA:37,0
DA:46,1
DA:52,1
DA:60,1
DA:66,0
DA:71,1
DA:72,1
DA:74,1
DA:79,1
DA:84,0
DA:89,1
DA:90,1
DA:91,1
DA:93,1
DA:94,1
DA:95,0
DA:104,1
DA:112,1
DA:120,1
DA:126,0
DA:131,10
LF:35
LH:29
BRDA:12,0,0,1
BRDA:12,0,1,0
BRDA:36,1,0,0
BRDA:36,1,1,1
BRDA:53,2,0,1
BRDA:53,2,1,0
BRDA:94,3,0,0
BRDA:94,3,1,1
BRDA:113,4,0,1
BRDA:113,4,1,0
BRF:10
BRH:5
end_of_record
TN:
SF:src\controllers\cicloController.js
FN:8,(anonymous_0)
FN:31,(anonymous_1)
FN:81,(anonymous_2)
FNF:3
FNH:2
FNDA:1,(anonymous_0)
FNDA:1,(anonymous_1)
FNDA:0,(anonymous_2)
DA:1,10
DA:2,10
DA:9,1
DA:10,1
DA:11,1
DA:12,1
DA:13,1
DA:16,1
DA:22,1
DA:27,0
DA:32,1
DA:33,1
DA:35,1
DA:36,1
DA:37,0
DA:46,1
DA:48,1
DA:54,1
DA:63,1
DA:71,1
DA:77,0
DA:82,0
DA:83,0
DA:84,0
DA:86,0
DA:87,0
DA:88,0
DA:97,0
DA:99,0
DA:100,0
DA:106,0
DA:107,0
DA:108,0
DA:109,0
DA:110,0
DA:112,0
DA:114,0
DA:123,0
DA:129,0
DA:134,10
LF:40
LH:19
BRDA:12,0,0,1
BRDA:12,0,1,0
BRDA:36,1,0,0
BRDA:36,1,1,1
BRDA:46,2,0,1
BRDA:46,2,1,0
BRDA:60,3,0,1
BRDA:60,3,1,0
BRDA:64,4,0,1
BRDA:64,4,1,0
BRDA:87,5,0,0
BRDA:87,5,1,0
BRDA:99,6,0,0
BRDA:99,6,1,0
BRDA:106,7,0,0
BRDA:106,7,1,0
BRDA:107,8,0,0
BRDA:107,8,1,0
BRDA:108,9,0,0
BRDA:108,9,1,0
BRDA:109,10,0,0
BRDA:109,10,1,0
BRDA:110,11,0,0
BRDA:110,11,1,0
BRDA:115,12,0,0
BRDA:115,12,1,0
BRF:26
BRH:5
end_of_record
TN:
SF:src\controllers\documentoController.js
FN:14,(anonymous_0)
FN:77,(anonymous_1)
FN:105,(anonymous_2)
FN:148,(anonymous_3)
FNF:4
FNH:3
FNDA:1,(anonymous_0)
FNDA:0,(anonymous_1)
FNDA:1,(anonymous_2)
FNDA:1,(anonymous_3)
DA:1,10
DA:2,10
DA:3,10
DA:4,10
DA:15,1
DA:16,1
DA:17,0
DA:23,1
DA:25,1
DA:27,0
DA:28,0
DA:34,1
DA:35,1
DA:36,0
DA:37,0
DA:43,1
DA:52,1
DA:60,1
DA:66,0
DA:67,0
DA:69,0
DA:78,0
DA:79,0
DA:81,0
DA:85,0
DA:86,0
DA:92,0
DA:97,0
DA:106,1
DA:107,1
DA:109,1
DA:110,1
DA:111,0
DA:117,1
DA:120,1
DA:121,1
DA:122,1
DA:125,1
DA:127,1
DA:135,1
DA:140,0
DA:149,1
DA:150,1
DA:152,1
DA:157,1
DA:162,0
DA:167,10
LF:47
LH:29
BRDA:16,0,0,0
BRDA:16,0,1,1
BRDA:25,1,0,0
BRDA:25,1,1,1
BRDA:35,2,0,0
BRDA:35,2,1,1
BRDA:45,3,0,1
BRDA:45,3,1,0
BRDA:49,4,0,1
BRDA:49,4,1,1
BRDA:53,5,0,1
BRDA:53,5,1,0
BRDA:66,6,0,0
BRDA:66,6,1,0
BRDA:66,7,0,0
BRDA:66,7,1,0
BRDA:85,8,0,0
BRDA:85,8,1,0
BRDA:110,9,0,0
BRDA:110,9,1,1
BRDA:121,10,0,1
BRDA:121,10,1,0
BRDA:128,11,0,1
BRDA:128,11,1,0
BRF:24
BRH:10
end_of_record
TN:
SF:src\controllers\institucionController.js
FN:9,(anonymous_0)
FN:24,(anonymous_1)
FN:54,(anonymous_2)
FN:96,(anonymous_3)
FN:130,(anonymous_4)
FNF:5
FNH:3
FNDA:1,(anonymous_0)
FNDA:1,(anonymous_1)
FNDA:0,(anonymous_2)
FNDA:0,(anonymous_3)
FNDA:1,(anonymous_4)
DA:1,10
DA:2,10
DA:3,10
DA:10,1
DA:11,1
DA:15,1
DA:20,0
DA:25,1
DA:26,1
DA:28,1
DA:36,1
DA:44,1
DA:50,0
DA:55,0
DA:56,0
DA:57,0
DA:59,0
DA:60,0
DA:61,0
DA:67,0
DA:69,0
DA:70,0
DA:71,0
DA:72,0
DA:73,0
DA:75,0
DA:77,0
DA:86,0
DA:92,0
DA:97,0
DA:98,0
DA:100,0
DA:101,0
DA:102,0
DA:108,0
DA:110,0
DA:111,0
DA:113,0
DA:121,0
DA:126,0
DA:131,1
DA:132,1
DA:133,1
DA:135,1
DA:136,1
DA:137,0
DA:143,1
DA:144,0
DA:150,1
DA:160,1
DA:168,1
DA:174,0
DA:179,10
LF:53
LH:21
BRDA:33,0,0,1
BRDA:33,0,1,0
BRDA:37,1,0,1
BRDA:37,1,1,0
BRDA:60,2,0,0
BRDA:60,2,1,0
BRDA:69,3,0,0
BRDA:69,3,1,0
BRDA:70,4,0,0
BRDA:70,4,1,0
BRDA:71,5,0,0
BRDA:71,5,1,0
BRDA:72,6,0,0
BRDA:72,6,1,0
BRDA:73,7,0,0
BRDA:73,7,1,0
BRDA:78,8,0,0
BRDA:78,8,1,0
BRDA:101,9,0,0
BRDA:101,9,1,0
BRDA:114,10,0,0
BRDA:114,10,1,0
BRDA:136,11,0,0
BRDA:136,11,1,1
BRDA:143,12,0,0
BRDA:143,12,1,1
BRDA:154,13,0,1
BRDA:154,13,1,0
BRDA:155,14,0,1
BRDA:155,14,1,0
BRDA:161,15,0,1
BRDA:161,15,1,0
BRF:32
BRH:7
end_of_record
TN:
SF:src\controllers\padrinoController.js
FN:14,(anonymous_0)
FN:76,(anonymous_1)
FN:117,(anonymous_2)
FN:186,(anonymous_3)
FN:261,(anonymous_4)
FN:299,(anonymous_5)
FN:351,(anonymous_6)
FNF:7
FNH:6
FNDA:1,(anonymous_0)
FNDA:2,(anonymous_1)
FNDA:2,(anonymous_2)
FNDA:0,(anonymous_3)
FNDA:1,(anonymous_4)
FNDA:1,(anonymous_5)
FNDA:1,(anonymous_6)
DA:1,10
DA:2,10
DA:3,10
DA:4,10
DA:15,1
DA:16,1
DA:17,1
DA:18,1
DA:20,1
DA:22,1
DA:23,1
DA:25,1
DA:26,1
DA:27,1
DA:28,0
DA:31,1
DA:32,0
DA:40,1
DA:55,1
DA:68,0
DA:77,2
DA:78,2
DA:80,2
DA:92,2
DA:93,0
DA:99,2
DA:101,2
DA:109,0
DA:118,2
DA:119,2
DA:123,2
DA:125,2
DA:129,2
DA:130,0
DA:131,0
DA:137,2
DA:147,2
DA:157,2
DA:159,2
DA:163,2
DA:171,2
DA:177,0
DA:178,0
DA:187,0
DA:188,0
DA:189,0
DA:193,0
DA:195,0
DA:199,0
DA:200,0
DA:201,0
DA:207,0
DA:208,0
DA:211,0
DA:212,0
DA:213,0
DA:214,0
DA:215,0
DA:216,0
DA:217,0
DA:219,0
DA:222,0
DA:223,0
DA:224,0
DA:225,0
DA:226,0
DA:227,0
DA:229,0
DA:231,0
DA:233,0
DA:237,0
DA:246,0
DA:252,0
DA:253,0
DA:262,1
DA:263,1
DA:265,1
DA:266,1
DA:267,0
DA:273,1
DA:275,1
DA:276,1
DA:278,1
DA:286,1
DA:291,0
DA:300,1
DA:301,1
DA:302,1
DA:304,1
DA:305,1
DA:306,0
DA:312,1
DA:313,0
DA:319,1
DA:329,1
DA:337,1
DA:343,0
DA:352,1
DA:353,1
DA:355,1
DA:360,1
DA:365,0
DA:370,10
LF:103
LH:57
BRDA:16,0,0,1
BRDA:16,0,1,0
BRDA:17,1,0,1
BRDA:17,1,1,0
BRDA:25,2,0,1
BRDA:25,2,1,0
BRDA:26,3,0,0
BRDA:26,3,1,1
BRDA:27,4,0,0
BRDA:27,4,1,1
BRDA:27,5,0,1
BRDA:27,5,1,0
BRDA:28,6,0,0
BRDA:28,6,1,0
BRDA:31,7,0,0
BRDA:31,7,1,1
BRDA:46,8,0,0
BRDA:46,8,1,1
BRDA:92,9,0,0
BRDA:92,9,1,2
BRDA:129,10,0,0
BRDA:129,10,1,2
BRDA:149,11,0,2
BRDA:149,11,1,0
BRDA:150,12,0,1
BRDA:150,12,1,1
BRDA:151,13,0,2
BRDA:151,13,1,0
BRDA:152,14,0,2
BRDA:152,14,1,0
BRDA:153,15,0,2
BRDA:153,15,1,0
BRDA:154,16,0,2
BRDA:154,16,1,0
BRDA:164,17,0,2
BRDA:164,17,1,0
BRDA:199,18,0,0
BRDA:199,18,1,0
BRDA:211,19,0,0
BRDA:211,19,1,0
BRDA:212,20,0,0
BRDA:212,20,1,0
BRDA:213,21,0,0
BRDA:213,21,1,0
BRDA:214,22,0,0
BRDA:214,22,1,0
BRDA:215,23,0,0
BRDA:215,23,1,0
BRDA:216,24,0,0
BRDA:216,24,1,0
BRDA:217,25,0,0
BRDA:217,25,1,0
BRDA:222,26,0,0
BRDA:222,26,1,0
BRDA:223,27,0,0
BRDA:223,27,1,0
BRDA:224,28,0,0
BRDA:224,28,1,0
BRDA:225,29,0,0
BRDA:225,29,1,0
BRDA:226,30,0,0
BRDA:226,30,1,0
BRDA:227,31,0,0
BRDA:227,31,1,0
BRDA:238,32,0,0
BRDA:238,32,1,0
BRDA:266,33,0,0
BRDA:266,33,1,1
BRDA:279,34,0,1
BRDA:279,34,1,0
BRDA:305,35,0,0
BRDA:305,35,1,1
BRDA:312,36,0,0
BRDA:312,36,1,1
BRDA:323,37,0,1
BRDA:323,37,1,0
BRDA:324,38,0,1
BRDA:324,38,1,0
BRDA:324,38,2,0
BRDA:330,39,0,1
BRDA:330,39,1,0
BRF:81
BRH:25
end_of_record
TN:
SF:src\controllers\pagoController.js
FN:14,(anonymous_0)
FN:73,(anonymous_1)
FN:92,(anonymous_2)
FN:110,(anonymous_3)
FN:148,(anonymous_4)
FN:203,(anonymous_5)
FN:251,(anonymous_6)
FN:307,(anonymous_7)
FNF:8
FNH:6
FNDA:1,(anonymous_0)
FNDA:1,(anonymous_1)
FNDA:2,(anonymous_2)
FNDA:0,(anonymous_3)
FNDA:2,(anonymous_4)
FNDA:0,(anonymous_5)
FNDA:2,(anonymous_6)
FNDA:1,(anonymous_7)
DA:1,10
DA:2,10
DA:3,10
DA:4,10
DA:15,1
DA:17,1
DA:19,1
DA:20,1
DA:21,1
DA:23,1
DA:25,1
DA:26,1
DA:27,1
DA:29,1
DA:30,0
DA:31,0
DA:32,0
DA:35,1
DA:52,1
DA:65,0
DA:74,1
DA:75,1
DA:77,1
DA:92,2
DA:97,1
DA:102,0
DA:111,0
DA:112,0
DA:114,0
DA:128,0
DA:129,0
DA:135,0
DA:140,0
DA:149,2
DA:150,2
DA:152,2
DA:153,2
DA:154,0
DA:160,2
DA:161,2
DA:162,2
DA:163,2
DA:166,2
DA:177,2
DA:178,0
DA:181,2
DA:189,2
DA:195,0
DA:204,0
DA:205,0
DA:206,0
DA:208,0
DA:209,0
DA:210,0
DA:216,0
DA:218,0
DA:219,0
DA:220,0
DA:221,0
DA:222,0
DA:223,0
DA:224,0
DA:226,0
DA:228,0
DA:237,0
DA:243,0
DA:252,2
DA:253,2
DA:254,2
DA:256,2
DA:257,2
DA:258,0
DA:264,2
DA:265,1
DA:271,1
DA:272,1
DA:274,1
DA:275,1
DA:276,1
DA:277,1
DA:279,1
DA:282,1
DA:284,1
DA:293,1
DA:299,0
DA:308,1
DA:309,1
DA:311,1
DA:312,1
DA:313,0
DA:319,1
DA:321,1
DA:323,1
DA:331,1
DA:336,0
DA:341,10
LF:96
LH:59
BRDA:19,0,0,1
BRDA:19,0,1,1
BRDA:20,1,0,1
BRDA:20,1,1,1
BRDA:26,2,0,1
BRDA:26,2,1,0
BRDA:27,3,0,0
BRDA:27,3,1,1
BRDA:29,4,0,0
BRDA:29,4,1,1
BRDA:29,5,0,1
BRDA:29,5,1,1
BRDA:31,6,0,0
BRDA:31,6,1,0
BRDA:32,7,0,0
BRDA:32,7,1,0
BRDA:128,8,0,0
BRDA:128,8,1,0
BRDA:153,9,0,0
BRDA:153,9,1,2
BRDA:161,10,0,2
BRDA:161,10,1,1
BRDA:162,11,0,2
BRDA:162,11,1,0
BRDA:162,12,0,2
BRDA:162,12,1,2
BRDA:168,13,0,2
BRDA:168,13,1,0
BRDA:171,14,0,0
BRDA:171,14,1,2
BRDA:171,15,0,0
BRDA:171,15,1,0
BRDA:177,16,0,0
BRDA:177,16,1,2
BRDA:182,17,0,2
BRDA:182,17,1,0
BRDA:209,18,0,0
BRDA:209,18,1,0
BRDA:218,19,0,0
BRDA:218,19,1,0
BRDA:219,20,0,0
BRDA:219,20,1,0
BRDA:219,21,0,0
BRDA:219,21,1,0
BRDA:220,22,0,0
BRDA:220,22,1,0
BRDA:221,23,0,0
BRDA:221,23,1,0
BRDA:222,24,0,0
BRDA:222,24,1,0
BRDA:223,25,0,0
BRDA:223,25,1,0
BRDA:224,26,0,0
BRDA:224,26,1,0
BRDA:229,27,0,0
BRDA:229,27,1,0
BRDA:257,28,0,0
BRDA:257,28,1,2
BRDA:264,29,0,1
BRDA:264,29,1,1
BRDA:272,30,0,1
BRDA:272,30,1,0
BRDA:276,31,0,1
BRDA:276,31,1,0
BRDA:277,32,0,0
BRDA:277,32,1,1
BRDA:285,33,0,1
BRDA:285,33,1,0
BRDA:312,34,0,0
BRDA:312,34,1,1
BRDA:324,35,0,1
BRDA:324,35,1,0
BRF:72
BRH:28
end_of_record
TN:
SF:src\controllers\presupuestoController.js
FN:13,(anonymous_0)
FN:40,(anonymous_1)
FN:81,(anonymous_2)
FN:125,(anonymous_3)
FNF:4
FNH:4
FNDA:1,(anonymous_0)
FNDA:1,(anonymous_1)
FNDA:1,(anonymous_2)
FNDA:1,(anonymous_3)
DA:1,10
DA:2,10
DA:3,10
DA:14,1
DA:15,1
DA:17,1
DA:18,1
DA:19,1
DA:20,1
DA:22,1
DA:27,1
DA:32,0
DA:41,1
DA:42,1
DA:44,1
DA:53,1
DA:54,0
DA:55,0
DA:56,0
DA:59,1
DA:67,1
DA:73,0
DA:82,1
DA:83,1
DA:84,1
DA:86,1
DA:87,1
DA:88,0
DA:94,1
DA:96,1
DA:97,1
DA:98,1
DA:100,1
DA:102,1
DA:111,1
DA:117,0
DA:126,1
DA:127,1
DA:128,1
DA:133,1
DA:138,0
DA:143,10
LF:42
LH:34
BRDA:18,0,0,1
BRDA:18,0,1,0
BRDA:19,1,0,0
BRDA:19,1,1,1
BRDA:20,2,0,0
BRDA:20,2,1,1
BRDA:53,3,0,0
BRDA:53,3,1,1
BRDA:55,4,0,0
BRDA:55,4,1,0
BRDA:60,5,0,1
BRDA:60,5,1,0
BRDA:67,6,0,1
BRDA:67,6,1,0
BRDA:69,7,0,1
BRDA:69,7,1,0
BRDA:87,8,0,0
BRDA:87,8,1,1
BRDA:96,9,0,1
BRDA:96,9,1,0
BRDA:97,10,0,0
BRDA:97,10,1,1
BRDA:98,11,0,0
BRDA:98,11,1,1
BRDA:103,12,0,1
BRDA:103,12,1,0
BRDA:129,13,0,1
BRDA:129,13,1,0
BRDA:130,14,0,0
BRDA:130,14,1,1
BRF:30
BRH:14
end_of_record
TN:
SF:src\controllers\reporteFinancieroController.js
FN:11,(anonymous_0)
FN:28,(anonymous_1)
FN:45,(anonymous_2)
FN:62,(anonymous_3)
FNF:4
FNH:4
FNDA:1,(anonymous_0)
FNDA:1,(anonymous_1)
FNDA:1,(anonymous_2)
FNDA:1,(anonymous_3)
DA:1,10
DA:12,1
DA:13,1
DA:15,1
DA:20,0
DA:29,1
DA:30,1
DA:32,1
DA:37,0
DA:46,1
DA:47,1
DA:49,1
DA:54,0
DA:63,1
DA:64,1
DA:66,1
DA:74,0
DA:79,10
LF:18
LH:14
BRF:0
BRH:0
end_of_record
TN:
SF:src\controllers\universidadController.js
FN:8,(anonymous_0)
FN:23,(anonymous_1)
FN:52,(anonymous_2)
FNF:3
FNH:2
FNDA:1,(anonymous_0)
FNDA:1,(anonymous_1)
FNDA:0,(anonymous_2)
DA:1,10
DA:2,10
DA:9,1
DA:10,1
DA:14,1
DA:19,0
DA:24,1
DA:25,1
DA:27,1
DA:34,1
DA:42,1
DA:48,0
DA:53,0
DA:54,0
DA:56,0
DA:61,0
DA:66,0
DA:71,10
LF:18
LH:11
BRDA:35,0,0,1
BRDA:35,0,1,0
BRF:2
BRH:1
end_of_record
TN:
SF:src\controllers\userController.js
FN:13,(anonymous_0)
FN:78,(anonymous_1)
FN:110,(anonymous_2)
FN:189,(anonymous_3)
FNF:4
FNH:4
FNDA:2,(anonymous_0)
FNDA:2,(anonymous_1)
FNDA:1,(anonymous_2)
FNDA:2,(anonymous_3)
DA:1,10
DA:2,10
DA:3,10
DA:14,2
DA:15,2
DA:16,2
DA:17,2
DA:19,2
DA:21,2
DA:22,2
DA:24,2
DA:25,1
DA:28,2
DA:29,0
DA:32,2
DA:33,0
DA:41,2
DA:57,2
DA:70,0
DA:79,2
DA:80,2
DA:82,2
DA:87,2
DA:88,1
DA:97,1
DA:102,0
DA:111,1
DA:112,1
DA:113,1
DA:117,1
DA:119,1
DA:123,1
DA:124,0
DA:125,0
DA:134,1
DA:135,1
DA:137,1
DA:140,1
DA:141,1
DA:142,1
DA:143,1
DA:144,1
DA:145,1
DA:146,1
DA:148,1
DA:151,1
DA:152,1
DA:153,1
DA:154,1
DA:156,1
DA:158,1
DA:160,1
DA:165,1
DA:174,1
DA:180,0
DA:181,0
DA:190,2
DA:191,2
DA:192,2
DA:194,2
DA:198,2
DA:199,0
DA:200,0
DA:210,2
DA:211,1
DA:212,1
DA:221,1
DA:222,1
DA:225,1
DA:226,1
DA:229,1
DA:231,1
DA:233,1
DA:241,1
DA:246,0
DA:247,0
DA:252,10
LF:77
LH:65
BRDA:15,0,0,2
BRDA:15,0,1,1
BRDA:16,1,0,2
BRDA:16,1,1,1
BRDA:24,2,0,1
BRDA:24,2,1,1
BRDA:28,3,0,0
BRDA:28,3,1,2
BRDA:28,4,0,2
BRDA:28,4,1,0
BRDA:29,5,0,0
BRDA:29,5,1,0
BRDA:32,6,0,0
BRDA:32,6,1,2
BRDA:47,7,0,0
BRDA:47,7,1,2
BRDA:87,8,0,1
BRDA:87,8,1,1
BRDA:123,9,0,0
BRDA:123,9,1,1
BRDA:140,10,0,0
BRDA:140,10,1,1
BRDA:141,11,0,0
BRDA:141,11,1,1
BRDA:142,12,0,0
BRDA:142,12,1,1
BRDA:143,13,0,0
BRDA:143,13,1,1
BRDA:144,14,0,1
BRDA:144,14,1,0
BRDA:145,15,0,0
BRDA:145,15,1,1
BRDA:146,16,0,0
BRDA:146,16,1,1
BRDA:151,17,0,0
BRDA:151,17,1,1
BRDA:152,18,0,1
BRDA:152,18,1,0
BRDA:153,19,0,0
BRDA:153,19,1,1
BRDA:154,20,0,0
BRDA:154,20,1,1
BRDA:198,21,0,0
BRDA:198,21,1,2
BRDA:210,22,0,1
BRDA:210,22,1,1
BRF:46
BRH:27
end_of_record
TN:
SF:src\middlewares\authMiddleware.js
FN:7,(anonymous_0)
FN:75,(anonymous_1)
FN:76,(anonymous_2)
FNF:3
FNH:3
FNDA:66,(anonymous_0)
FNDA:350,(anonymous_1)
FNDA:41,(anonymous_2)
DA:1,10
DA:2,10
DA:7,10
DA:8,66
DA:9,66
DA:10,66
DA:11,1
DA:20,65
DA:21,65
DA:23,65
DA:25,65
DA:29,65
DA:30,0
DA:39,65
DA:40,0
DA:49,65
DA:50,65
DA:52,0
DA:53,0
DA:62,0
DA:75,10
DA:76,350
DA:77,41
DA:78,0
DA:87,41
DA:88,1
DA:97,40
DA:101,10
LF:28
LH:22
BRDA:10,0,0,1
BRDA:10,0,1,65
BRDA:10,1,0,66
BRDA:10,1,1,65
BRDA:21,2,0,65
BRDA:21,2,1,0
BRDA:29,3,0,0
BRDA:29,3,1,65
BRDA:39,4,0,0
BRDA:39,4,1,65
BRDA:52,5,0,0
BRDA:52,5,1,0
BRDA:77,6,0,0
BRDA:77,6,1,41
BRDA:87,7,0,1
BRDA:87,7,1,40
BRF:16
BRH:10
end_of_record
TN:
SF:src\middlewares\errorHandler.js
FN:4,(anonymous_0)
FN:19,(anonymous_1)
FN:32,(anonymous_2)
FN:55,(anonymous_3)
FNF:4
FNH:2
FNDA:1,(anonymous_0)
FNDA:1,(anonymous_1)
FNDA:0,(anonymous_2)
FNDA:0,(anonymous_3)
DA:4,10
DA:5,1
DA:7,1
DA:8,1
DA:9,1
DA:10,1
DA:13,1
DA:14,1
DA:19,1
DA:25,0
DA:26,0
DA:27,0
DA:32,0
DA:38,0
DA:39,0
DA:49,0
DA:50,0
DA:55,0
DA:61,0
DA:71,10
LF:20
LH:10
BRDA:5,0,0,1
BRDA:5,0,1,0
BRDA:7,1,0,1
BRDA:7,1,1,1
BRDA:7,1,2,1
BRDA:8,2,0,1
BRDA:8,2,1,1
BRDA:9,3,0,1
BRDA:9,3,1,0
BRDA:10,4,0,1
BRDA:10,4,1,0
BRDA:13,5,0,1
BRDA:13,5,1,0
BRDA:18,6,0,1
BRDA:18,6,1,0
BRDA:18,7,0,1
BRDA:18,7,1,1
BRDA:19,8,0,1
BRDA:19,8,1,0
BRDA:25,9,0,0
BRDA:25,9,1,0
BRDA:26,10,0,0
BRDA:26,10,1,0
BRDA:26,11,0,0
BRDA:26,11,1,0
BRDA:32,12,0,0
BRDA:32,12,1,0
BRDA:38,13,0,0
BRDA:38,13,1,0
BRDA:49,14,0,0
BRDA:49,14,1,0
BRDA:55,15,0,0
BRDA:55,15,1,0
BRDA:66,16,0,0
BRDA:66,16,1,0
BRF:35
BRH:13
end_of_record
TN:
SF:src\middlewares\rateLimit.js
FNF:0
FNH:0
DA:1,10
DA:6,10
DA:20,10
LF:3
LH:3
BRF:0
BRH:0
end_of_record
TN:
SF:src\middlewares\uploadMiddleware.js
FN:13,(anonymous_0)
FN:16,(anonymous_1)
FN:23,(anonymous_2)
FNF:3
FNH:3
FNDA:1,(anonymous_0)
FNDA:1,(anonymous_1)
FNDA:1,(anonymous_2)
DA:1,10
DA:2,10
DA:3,10
DA:5,10
DA:8,10
DA:9,0
DA:12,10
DA:14,1
DA:17,1
DA:18,1
DA:19,1
DA:23,10
DA:24,1
DA:25,1
DA:26,1
DA:28,0
DA:29,0
DA:30,0
DA:34,10
DA:42,10
LF:20
LH:16
BRDA:8,0,0,0
BRDA:8,0,1,10
BRDA:25,1,0,1
BRDA:25,1,1,0
BRF:4
BRH:2
end_of_record
TN:
SF:src\middlewares\validateMiddleware.js
FN:254,(anonymous_0)
FN:255,(anonymous_1)
FNF:2
FNH:2
FNDA:260,(anonymous_0)
FNDA:42,(anonymous_1)
DA:1,10
DA:3,10
DA:4,10
DA:7,10
DA:22,10
DA:27,10
DA:43,10
DA:56,10
DA:63,10
DA:69,10
DA:77,10
DA:86,10
DA:102,10
DA:118,10
DA:123,10
DA:129,10
DA:145,10
DA:161,10
DA:169,10
DA:177,10
DA:185,10
DA:195,10
DA:200,10
DA:206,10
DA:213,10
DA:224,10
DA:234,10
DA:240,10
DA:248,10
DA:254,10
DA:255,260
DA:256,42
DA:257,42
DA:258,1
DA:259,1
DA:261,41
DA:262,41
DA:266,10
LF:38
LH:38
BRDA:254,0,0,260
BRDA:257,1,0,1
BRDA:257,1,1,41
BRF:3
BRH:3
end_of_record
TN:
SF:src\models\Aporte.js
FN:6,(anonymous_0)
FNF:1
FNH:1
FNDA:10,(anonymous_0)
DA:1,10
DA:6,10
DA:7,10
DA:75,10
LF:4
LH:4
BRF:0
BRH:0
end_of_record
TN:
SF:src\models\Auditoria.js
FN:7,(anonymous_0)
FNF:1
FNH:1
FNDA:10,(anonymous_0)
DA:1,10
DA:7,10
DA:8,10
DA:70,10
LF:4
LH:4
BRF:0
BRH:0
end_of_record
TN:
SF:src\models\Becario.js
FN:7,(anonymous_0)
FNF:1
FNH:1
FNDA:10,(anonymous_0)
DA:1,10
DA:7,10
DA:8,10
DA:90,10
LF:4
LH:4
BRF:0
BRH:0
end_of_record
TN:
SF:src\models\BecarioPadrino.js
FN:6,(anonymous_0)
FNF:1
FNH:1
FNDA:10,(anonymous_0)
DA:1,10
DA:6,10
DA:7,10
DA:68,10
LF:4
LH:4
BRF:0
BRH:0
end_of_record
TN:
SF:src\models\Carrera.js
FN:6,(anonymous_0)
FNF:1
FNH:1
FNDA:10,(anonymous_0)
DA:1,10
DA:6,10
DA:7,10
DA:43,10
LF:4
LH:4
BRF:0
BRH:0
end_of_record
TN:
SF:src\models\CicloAcademico.js
FN:6,(anonymous_0)
FNF:1
FNH:1
FNDA:10,(anonymous_0)
DA:1,10
DA:6,10
DA:7,10
DA:58,10
LF:4
LH:4
BRF:0
BRH:0
end_of_record
TN:
SF:src\models\Documento.js
FN:6,(anonymous_0)
FNF:1
FNH:1
FNDA:10,(anonymous_0)
DA:1,10
DA:6,10
DA:7,10
DA:59,10
LF:4
LH:4
BRF:0
BRH:0
end_of_record
TN:
SF:src\models\GastoAdministrativo.js
FN:6,(anonymous_0)
FNF:1
FNH:1
FNDA:10,(anonymous_0)
DA:1,10
DA:6,10
DA:7,10
DA:52,10
LF:4
LH:4
BRF:0
BRH:0
end_of_record
TN:
SF:src\models\InstitucionPublica.js
FN:6,(anonymous_0)
FNF:1
FNH:1
FNDA:10,(anonymous_0)
DA:1,10
DA:6,10
DA:7,10
DA:53,10
LF:4
LH:4
BRF:0
BRH:0
end_of_record
TN:
SF:src\models\Materia.js
FN:6,(anonymous_0)
FNF:1
FNH:1
FNDA:10,(anonymous_0)
DA:1,10
DA:6,10
DA:7,10
DA:55,10
LF:4
LH:4
BRF:0
BRH:0
end_of_record
TN:
SF:src\models\MateriaCursada.js
FN:6,(anonymous_0)
FNF:1
FNH:1
FNDA:10,(anonymous_0)
DA:1,10
DA:6,10
DA:7,10
DA:72,10
LF:4
LH:4
BRF:0
BRH:0
end_of_record
TN:
SF:src\models\Padrino.js
FN:7,(anonymous_0)
FNF:1
FNH:1
FNDA:10,(anonymous_0)
DA:1,10
DA:7,10
DA:8,10
DA:72,10
LF:4
LH:4
BRF:0
BRH:0
end_of_record
TN:
SF:src\models\Pago.js
FN:6,(anonymous_0)
FNF:1
FNH:1
FNDA:10,(anonymous_0)
DA:1,10
DA:6,10
DA:7,10
DA:73,10
LF:4
LH:4
BRF:0
BRH:0
end_of_record
TN:
SF:src\models\Persona.js
FN:7,(anonymous_0)
FNF:1
FNH:1
FNDA:10,(anonymous_0)
DA:1,10
DA:7,10
DA:8,10
DA:63,10
LF:4
LH:4
BRF:0
BRH:0
end_of_record
TN:
SF:src\models\Presupuesto.js
FN:6,(anonymous_0)
FNF:1
FNH:1
FNDA:10,(anonymous_0)
DA:1,10
DA:6,10
DA:7,10
DA:58,10
LF:4
LH:4
BRF:0
BRH:0
end_of_record
TN:
SF:src\models\Universidad.js
FN:6,(anonymous_0)
FNF:1
FNH:1
FNDA:10,(anonymous_0)
DA:1,10
DA:6,10
DA:7,10
DA:39,10
LF:4
LH:4
BRF:0
BRH:0
end_of_record
TN:
SF:src\models\Usuario.js
FN:8,(anonymous_0)
FN:66,(anonymous_1)
FN:72,(anonymous_2)
FN:84,(anonymous_3)
FNF:4
FNH:4
FNDA:10,(anonymous_0)
FNDA:13,(anonymous_1)
FNDA:14,(anonymous_2)
FNDA:13,(anonymous_3)
DA:1,10
DA:2,10
DA:8,10
DA:9,10
DA:67,13
DA:68,13
DA:69,13
DA:73,14
DA:74,0
DA:75,0
DA:84,10
DA:85,13
DA:88,10
LF:13
LH:11
BRDA:67,0,0,13
BRDA:67,0,1,0
BRDA:67,1,0,13
BRDA:67,1,1,13
BRDA:67,1,2,13
BRDA:68,2,0,13
BRDA:68,2,1,0
BRDA:73,3,0,0
BRDA:73,3,1,14
BRDA:73,4,0,14
BRDA:73,4,1,0
BRDA:73,4,2,0
BRDA:74,5,0,0
BRDA:74,5,1,0
BRF:14
BRH:7
end_of_record
TN:
SF:src\models\index.js
FNF:0
FNH:0
DA:1,10
DA:2,10
DA:4,10
DA:5,10
DA:8,10
DA:9,0
DA:11,10
DA:14,10
DA:17,10
DA:18,10
DA:19,10
DA:22,10
DA:23,10
DA:24,10
DA:25,10
DA:26,10
DA:27,10
DA:28,10
DA:31,10
DA:32,10
DA:33,10
DA:34,10
DA:37,10
DA:38,10
DA:39,10
DA:42,10
DA:43,10
DA:45,10
DA:46,10
DA:49,10
DA:50,10
DA:52,10
DA:53,10
DA:55,10
DA:56,10
DA:58,10
DA:59,10
DA:61,10
DA:62,10
DA:64,10
DA:65,10
DA:67,10
DA:68,10
DA:70,10
DA:71,10
DA:73,10
DA:74,10
DA:76,10
DA:77,10
DA:80,10
DA:81,10
DA:83,10
DA:84,10
DA:86,10
DA:87,10
DA:89,10
DA:90,10
DA:92,10
DA:93,10
DA:95,10
DA:96,10
DA:99,10
DA:100,10
DA:102,10
DA:103,10
DA:105,10
LF:66
LH:65
BRDA:4,0,0,10
BRDA:4,0,1,0
BRDA:8,1,0,0
BRDA:8,1,1,10
BRF:4
BRH:2
end_of_record
TN:
SF:src\routes\aporteRoutes.js
FNF:0
FNH:0
DA:1,10
DA:2,10
DA:3,10
DA:4,10
DA:5,10
DA:7,10
DA:9,10
DA:10,10
DA:11,10
DA:13,10
LF:10
LH:10
BRF:0
BRH:0
end_of_record
TN:
SF:src\routes\auditRoutes.js
FNF:0
FNH:0
DA:1,10
DA:2,10
DA:3,10
DA:4,10
DA:7,10
DA:9,10
DA:11,10
LF:7
LH:7
BRF:0
BRH:0
end_of_record
TN:
SF:src\routes\authRoutes.js
FNF:0
FNH:0
DA:1,10
DA:2,10
DA:3,10
DA:4,10
DA:5,10
DA:6,10
DA:9,10
DA:12,10
DA:15,10
DA:16,10
DA:17,10
DA:19,10
LF:12
LH:12
BRF:0
BRH:0
end_of_record
TN:
SF:src\routes\becarioRoutes.js
FNF:0
FNH:0
DA:1,10
DA:2,10
DA:3,10
DA:4,10
DA:5,10
DA:6,10
DA:7,10
DA:10,10
DA:12,10
DA:13,10
DA:14,10
DA:17,10
DA:18,10
DA:19,10
DA:21,10
DA:22,10
DA:25,10
DA:26,10
DA:27,10
DA:29,10
LF:20
LH:20
BRF:0
BRH:0
end_of_record
TN:
SF:src\routes\carreraRoutes.js
FNF:0
FNH:0
DA:1,10
DA:2,10
DA:3,10
DA:4,10
DA:5,10
DA:7,10
DA:8,10
DA:10,10
DA:11,10
DA:13,10
LF:10
LH:10
BRF:0
BRH:0
end_of_record
TN:
SF:src\routes\cicloRoutes.js
FNF:0
FNH:0
DA:1,10
DA:2,10
DA:3,10
DA:4,10
DA:5,10
DA:7,10
DA:9,10
DA:10,10
DA:12,10
LF:9
LH:9
BRF:0
BRH:0
end_of_record
TN:
SF:src\routes\documentoRoutes.js
FNF:0
FNH:0
DA:1,10
DA:2,10
DA:3,10
DA:4,10
DA:5,10
DA:7,10
DA:9,10
DA:10,10
DA:11,10
DA:12,10
DA:13,10
DA:15,10
LF:12
LH:12
BRF:0
BRH:0
end_of_record
TN:
SF:src\routes\institucionRoutes.js
FNF:0
FNH:0
DA:1,10
DA:2,10
DA:3,10
DA:4,10
DA:5,10
DA:7,10
DA:9,10
DA:11,10
DA:12,10
DA:13,10
DA:15,10
DA:17,10
LF:12
LH:12
BRF:0
BRH:0
end_of_record
TN:
SF:src\routes\padrinoRoutes.js
FNF:0
FNH:0
DA:1,10
DA:2,10
DA:3,10
DA:4,10
DA:5,10
DA:7,10
DA:9,10
DA:10,10
DA:11,10
DA:14,10
DA:15,10
DA:16,10
DA:18,10
DA:20,10
LF:14
LH:14
BRF:0
BRH:0
end_of_record
TN:
SF:src\routes\pagoRoutes.js
FNF:0
FNH:0
DA:1,10
DA:2,10
DA:3,10
DA:4,10
DA:5,10
DA:7,10
DA:9,10
DA:10,10
DA:11,10
DA:14,10
DA:15,10
DA:16,10
DA:17,10
DA:19,10
LF:14
LH:14
BRF:0
BRH:0
end_of_record
TN:
SF:src\routes\presupuestoRoutes.js
FNF:0
FNH:0
DA:1,10
DA:2,10
DA:3,10
DA:4,10
DA:5,10
DA:7,10
DA:9,10
DA:10,10
DA:12,10
DA:13,10
DA:15,10
LF:11
LH:11
BRF:0
BRH:0
end_of_record
TN:
SF:src\routes\reporteFinancieroRoutes.js
FNF:0
FNH:0
DA:1,10
DA:2,10
DA:3,10
DA:4,10
DA:6,10
DA:8,10
DA:9,10
DA:10,10
DA:11,10
DA:13,10
LF:10
LH:10
BRF:0
BRH:0
end_of_record
TN:
SF:src\routes\universidadRoutes.js
FNF:0
FNH:0
DA:1,10
DA:2,10
DA:3,10
DA:4,10
DA:5,10
DA:8,10
DA:9,10
DA:12,10
DA:14,10
LF:9
LH:9
BRF:0
BRH:0
end_of_record
TN:
SF:src\routes\userRoutes.js
FNF:0
FNH:0
DA:1,10
DA:2,10
DA:3,10
DA:4,10
DA:5,10
DA:8,10
DA:10,10
DA:11,10
DA:12,10
DA:13,10
DA:15,10
LF:11
LH:11
BRF:0
BRH:0
end_of_record
TN:
SF:src\services\auditService.js
FN:7,(anonymous_0)
FN:16,(anonymous_1)
FN:33,(anonymous_2)
FN:50,(anonymous_3)
FN:67,(anonymous_4)
FNF:5
FNH:5
FNDA:44,(anonymous_0)
FNDA:17,(anonymous_1)
FNDA:7,(anonymous_2)
FNDA:6,(anonymous_3)
FNDA:14,(anonymous_4)
DA:1,10
DA:8,44
DA:9,44
DA:10,44
DA:11,0
DA:13,44
DA:17,17
DA:18,17
DA:29,0
DA:34,7
DA:35,7
DA:46,0
DA:51,6
DA:52,6
DA:63,0
DA:68,14
DA:69,14
DA:80,0
DA:85,10
LF:19
LH:14
BRDA:8,0,0,0
BRDA:8,0,1,44
BRDA:10,1,0,0
BRDA:10,1,1,44
BRDA:13,2,0,44
BRDA:13,2,1,0
BRDA:13,2,2,0
BRDA:19,3,0,17
BRDA:19,3,1,0
BRDA:24,4,0,17
BRDA:24,4,1,0
BRDA:36,5,0,7
BRDA:36,5,1,0
BRDA:40,6,0,7
BRDA:40,6,1,0
BRDA:41,7,0,7
BRDA:41,7,1,0
BRDA:53,8,0,6
BRDA:53,8,1,0
BRDA:57,9,0,6
BRDA:57,9,1,0
BRDA:67,10,0,0
BRDA:70,11,0,14
BRDA:70,11,1,1
BRDA:73,12,0,14
BRDA:73,12,1,1
BRF:26
BRH:14
end_of_record
TN:
SF:src\services\becarioService.js
FN:11,(anonymous_0)
FN:17,(anonymous_1)
FN:24,(anonymous_2)
FNF:3
FNH:3
FNDA:1,(anonymous_0)
FNDA:1,(anonymous_1)
FNDA:1,(anonymous_2)
DA:1,10
DA:12,1
DA:17,1
DA:19,1
DA:20,0
DA:21,0
DA:24,1
DA:25,1
DA:27,1
DA:28,1
DA:32,10
LF:11
LH:9
BRDA:11,0,0,0
BRDA:17,1,0,1
BRDA:17,1,1,1
BRDA:19,2,0,0
BRDA:19,2,1,1
BRF:5
BRH:3
end_of_record
TN:
SF:src\services\padrinoService.js
FN:10,(anonymous_0)
FN:20,(anonymous_1)
FNF:2
FNH:1
FNDA:2,(anonymous_0)
FNDA:0,(anonymous_1)
DA:1,10
DA:11,2
DA:14,2
DA:21,0
DA:24,0
DA:28,10
LF:6
LH:4
BRDA:14,0,0,2
BRDA:14,0,1,0
BRDA:24,1,0,0
BRDA:24,1,1,0
BRF:4
BRH:1
end_of_record
TN:
SF:src\services\pagoService.js
FN:11,(anonymous_0)
FN:30,(anonymous_1)
FN:41,(anonymous_2)
FNF:3
FNH:3
FNDA:2,(anonymous_0)
FNDA:2,(anonymous_1)
FNDA:1,(anonymous_2)
DA:1,10
DA:2,10
DA:12,2
DA:14,2
DA:24,2
DA:31,2
DA:32,2
DA:33,2
DA:34,2
DA:35,2
DA:42,1
DA:43,1
DA:44,1
DA:46,1
DA:56,1
DA:57,1
DA:58,1
DA:60,1
DA:64,10
LF:19
LH:19
BRDA:35,0,0,2
BRDA:35,0,1,0
BRDA:41,1,0,1
BRF:3
BRH:2
end_of_record
TN:
SF:src\services\presupuestoService.js
FN:10,(anonymous_0)
FN:20,(anonymous_1)
FNF:2
FNH:2
FNDA:1,(anonymous_0)
FNDA:1,(anonymous_1)
DA:1,10
DA:11,1
DA:12,1
DA:13,1
DA:15,1
DA:20,1
DA:21,1
DA:22,1
DA:23,1
DA:24,1
DA:26,1
DA:33,1
DA:37,10
LF:13
LH:13
BRDA:12,0,0,1
BRDA:12,0,1,0
BRDA:13,1,0,0
BRDA:13,1,1,1
BRDA:24,2,0,1
BRDA:24,2,1,0
BRF:6
BRH:3
end_of_record
TN:
SF:src\services\reporteFinancieroService.js
FN:11,(anonymous_0)
FN:34,(anonymous_1)
FN:40,(anonymous_2)
FN:58,(anonymous_3)
FN:76,(anonymous_4)
FNF:5
FNH:4
FNDA:2,(anonymous_0)
FNDA:1,(anonymous_1)
FNDA:1,(anonymous_2)
FNDA:1,(anonymous_3)
FNDA:0,(anonymous_4)
DA:1,10
DA:2,10
DA:12,2
DA:13,2
DA:14,2
DA:16,2
DA:17,2
DA:18,2
DA:19,2
DA:20,2
DA:22,2
DA:35,1
DA:40,1
DA:41,1
DA:42,1
DA:52,1
DA:59,1
DA:76,1
DA:78,1
DA:85,10
LF:20
LH:20
BRDA:12,0,0,2
BRDA:12,0,1,0
BRDA:13,1,0,2
BRDA:13,1,1,0
BRDA:14,2,0,2
BRDA:14,2,1,2
BRDA:41,3,0,1
BRDA:41,3,1,0
BRDA:44,4,0,0
BRDA:44,4,1,1
BRF:10
BRH:6
end_of_record
